Using pre-set license
Built from '2021.3/staging' branch; Version is '2021.3.4f1 (cb45f9cae8b7) revision 13321721'; Using compiler version '192829333'; Build Type 'Release'
OS: 'Windows 10  (10.0.19045) 64bit Professional' Language: 'es' Physical Memory: 16252 MB
BatchMode: 1, IsHumanControllingUs: 0, StartBugReporterOnCrash: 0, Is64bit: 1, IsPro: 1

COMMAND LINE ARGUMENTS:
G:\Unity\editor\2021.3.4f1\Editor\Unity.exe
-adb2
-batchMode
-noUpm
-name
AssetImportWorker2
-projectPath
C:/Proyectos de Unity/Juego2D
-logFile
Logs/AssetImportWorker2.log
-srvPort
51426
Successfully changed project path to: C:/Proyectos de Unity/Juego2D
C:/Proyectos de Unity/Juego2D
[UnityMemory] Configuration Parameters - Can be set up in boot.config
    "memorysetup-bucket-allocator-granularity=16"
    "memorysetup-bucket-allocator-bucket-count=8"
    "memorysetup-bucket-allocator-block-size=33554432"
    "memorysetup-bucket-allocator-block-count=8"
    "memorysetup-main-allocator-block-size=16777216"
    "memorysetup-thread-allocator-block-size=16777216"
    "memorysetup-gfx-main-allocator-block-size=16777216"
    "memorysetup-gfx-thread-allocator-block-size=16777216"
    "memorysetup-cache-allocator-block-size=4194304"
    "memorysetup-typetree-allocator-block-size=2097152"
    "memorysetup-profiler-bucket-allocator-granularity=16"
    "memorysetup-profiler-bucket-allocator-bucket-count=8"
    "memorysetup-profiler-bucket-allocator-block-size=33554432"
    "memorysetup-profiler-bucket-allocator-block-count=8"
    "memorysetup-profiler-allocator-block-size=16777216"
    "memorysetup-profiler-editor-allocator-block-size=1048576"
    "memorysetup-temp-allocator-size-main=16777216"
    "memorysetup-job-temp-allocator-block-size=2097152"
    "memorysetup-job-temp-allocator-block-size-background=1048576"
    "memorysetup-job-temp-allocator-reduction-small-platforms=262144"
    "memorysetup-temp-allocator-size-background-worker=32768"
    "memorysetup-temp-allocator-size-job-worker=262144"
    "memorysetup-temp-allocator-size-preload-manager=33554432"
    "memorysetup-temp-allocator-size-nav-mesh-worker=65536"
    "memorysetup-temp-allocator-size-audio-worker=65536"
    "memorysetup-temp-allocator-size-cloud-worker=32768"
    "memorysetup-temp-allocator-size-gi-baking-worker=262144"
    "memorysetup-temp-allocator-size-gfx=262144"
Refreshing native plugins compatible for Editor in 107.31 ms, found 4 plugins.
Preloading 0 native plugins for Editor in 0.00 ms.
Initialize engine version: 2021.3.4f1 (cb45f9cae8b7)
[Subsystems] Discovering subsystems at path G:/Unity/editor/2021.3.4f1/Editor/Data/Resources/UnitySubsystems
[Subsystems] Discovering subsystems at path C:/Proyectos de Unity/Juego2D/Assets
GfxDevice: creating device client; threaded=0; jobified=0
Direct3D:
    Version:  Direct3D 11.0 [level 11.1]
    Renderer: Radeon RX 570 Series (ID=0x67df)
    Vendor:   ATI
    VRAM:     4039 MB
    Driver:   31.0.21902.5
Initialize mono
Mono path[0] = 'G:/Unity/editor/2021.3.4f1/Editor/Data/Managed'
Mono path[1] = 'G:/Unity/editor/2021.3.4f1/Editor/Data/MonoBleedingEdge/lib/mono/unityjit-win32'
Mono config path = 'G:/Unity/editor/2021.3.4f1/Editor/Data/MonoBleedingEdge/etc'
Using monoOptions --debugger-agent=transport=dt_socket,embedding=1,server=y,suspend=n,address=127.0.0.1:56052
Begin MonoManager ReloadAssembly
Registering precompiled unity dll's ...
Register platform support module: G:/Unity/editor/2021.3.4f1/Editor/Data/PlaybackEngines/WebGLSupport/UnityEditor.WebGL.Extensions.dll
Register platform support module: G:/Unity/editor/2021.3.4f1/Editor/Data/PlaybackEngines/WindowsStandaloneSupport/UnityEditor.WindowsStandalone.Extensions.dll
Registered in 0.015928 seconds.
Native extension for WindowsStandalone target not found
Native extension for WebGL target not found
Refreshing native plugins compatible for Editor in 87.57 ms, found 4 plugins.
Preloading 0 native plugins for Editor in 0.00 ms.
Mono: successfully reloaded assembly
- Completed reload, in  0.619 seconds
Domain Reload Profiling:
	ReloadAssembly (620ms)
		BeginReloadAssembly (98ms)
			ExecutionOrderSort (0ms)
			DisableScriptedObjects (0ms)
			BackupInstance (0ms)
			ReleaseScriptingObjects (0ms)
			CreateAndSetChildDomain (1ms)
		EndReloadAssembly (392ms)
			LoadAssemblies (94ms)
			RebuildTransferFunctionScriptingTraits (0ms)
			SetupTypeCache (87ms)
			ReleaseScriptCaches (0ms)
			RebuildScriptCaches (22ms)
			SetupLoadedEditorAssemblies (231ms)
				LogAssemblyErrors (0ms)
				InitializePlatformSupportModulesInManaged (10ms)
				SetLoadedEditorAssemblies (0ms)
				RefreshPlugins (88ms)
				BeforeProcessingInitializeOnLoad (1ms)
				ProcessInitializeOnLoadAttributes (96ms)
				ProcessInitializeOnLoadMethodAttributes (36ms)
				AfterProcessingInitializeOnLoad (0ms)
				EditorAssembliesLoaded (0ms)
			ExecutionOrderSort2 (0ms)
			AwakeInstancesAfterBackupRestoration (0ms)
Platform modules already initialized, skipping
Registering precompiled user dll's ...
Registered in 0.008161 seconds.
Begin MonoManager ReloadAssembly
Symbol file LoadedFromMemory doesn't match image C:\Proyectos de Unity\Juego2D\Library\PackageCache\com.unity.visualscripting@1.7.8\Editor\VisualScripting.Core\Dependencies\YamlDotNet\Unity.VisualScripting.YamlDotNet.dll
Symbol file LoadedFromMemory doesn't match image C:\Proyectos de Unity\Juego2D\Library\PackageCache\com.unity.visualscripting@1.7.8\Editor\VisualScripting.Core\Dependencies\DotNetZip\Unity.VisualScripting.IonicZip.dll
Native extension for WindowsStandalone target not found
Native extension for WebGL target not found
Refreshing native plugins compatible for Editor in 84.96 ms, found 4 plugins.
Preloading 0 native plugins for Editor in 0.00 ms.
Mono: successfully reloaded assembly
- Completed reload, in  1.032 seconds
Domain Reload Profiling:
	ReloadAssembly (1033ms)
		BeginReloadAssembly (117ms)
			ExecutionOrderSort (0ms)
			DisableScriptedObjects (5ms)
			BackupInstance (0ms)
			ReleaseScriptingObjects (0ms)
			CreateAndSetChildDomain (19ms)
		EndReloadAssembly (809ms)
			LoadAssemblies (100ms)
			RebuildTransferFunctionScriptingTraits (0ms)
			SetupTypeCache (185ms)
			ReleaseScriptCaches (1ms)
			RebuildScriptCaches (46ms)
			SetupLoadedEditorAssemblies (457ms)
				LogAssemblyErrors (0ms)
				InitializePlatformSupportModulesInManaged (8ms)
				SetLoadedEditorAssemblies (0ms)
				RefreshPlugins (85ms)
				BeforeProcessingInitializeOnLoad (100ms)
				ProcessInitializeOnLoadAttributes (213ms)
				ProcessInitializeOnLoadMethodAttributes (35ms)
				AfterProcessingInitializeOnLoad (16ms)
				EditorAssembliesLoaded (0ms)
			ExecutionOrderSort2 (0ms)
			AwakeInstancesAfterBackupRestoration (5ms)
Platform modules already initialized, skipping
========================================================================
Worker process is ready to serve import requests
Launched and connected shader compiler UnityShaderCompiler.exe after 0.07 seconds
Refreshing native plugins compatible for Editor in 1.06 ms, found 4 plugins.
Preloading 0 native plugins for Editor in 0.00 ms.
Unloading 4326 Unused Serialized files (Serialized files now loaded: 0)
Unloading 57 unused Assets / (295.3 KB). Loaded Objects now: 4778.
Memory consumption went from 162.9 MB to 162.6 MB.
Total: 3.679200 ms (FindLiveObjects: 0.423800 ms CreateObjectMapping: 0.307300 ms MarkObjects: 2.755800 ms  DeleteObjects: 0.191500 ms)

AssetImportParameters requested are different than current active one (requested -> active):
  custom:video-decoder-ogg-theora: a1e56fd34408186e4bbccfd4996cb3dc -> 
  custom:container-muxer-webm: aa71ff27fc2769a1b78a27578f13a17b -> 
  custom:container-demuxer-webm: 4f35f7cbe854078d1ac9338744f61a02 -> 
  custom:video-encoder-webm-vp8: eb34c28f22e8b96e1ab97ce403110664 -> 
  custom:audio-encoder-webm-vorbis: bf7c407c2cedff20999df2af8eb42d56 -> 
  custom:framework-win-MediaFoundation: 216162199b28c13a410421893ffa2e32 -> 
  custom:container-demuxer-ogg: 62fdf1f143b41e24485cea50d1cbac27 -> 
  custom:video-decoder-webm-vp8: 9c59270c3fd7afecdb556c50c9e8de78 -> 
  custom:audio-decoder-ogg-vorbis: bf7c407c2cedff20999df2af8eb42d56 -> 
========================================================================
Received Import Request.
  Time since last request: 877451.454505 seconds.
  path: Assets/prefabs/Enemigos/Bacteria1.prefab
  artifactKey: Guid(28bca850616ef484180f779c490924a2) Importer(815301076,1909f56bfc062723c751e8b465ee728b)
Start importing Assets/prefabs/Enemigos/Bacteria1.prefab using Guid(28bca850616ef484180f779c490924a2) Importer(815301076,1909f56bfc062723c751e8b465ee728b)  -> (artifact id: '493875087c94f7fe784ba5048f4f607d') in 0.113189 seconds 
========================================================================
Received Import Request.
  Time since last request: 115.120819 seconds.
  path: Assets/Sound/Music
  artifactKey: Guid(e3373388232c62d4f93a9f982e11ba72) Importer(815301076,1909f56bfc062723c751e8b465ee728b)
Start importing Assets/Sound/Music using Guid(e3373388232c62d4f93a9f982e11ba72) Importer(815301076,1909f56bfc062723c751e8b465ee728b)  -> (artifact id: 'b53570e399a5d92096617708700e43a1') in 0.008840 seconds 
========================================================================
Received Import Request.
  Time since last request: 22.187447 seconds.
  path: Assets/Sound/Music/Sparkle _ Your Name AMV (320 kbps).mp3
  artifactKey: Guid(04d761e46d3e1444d9143a3b2c8c5249) Importer(815301076,1909f56bfc062723c751e8b465ee728b)
Start importing Assets/Sound/Music/Sparkle _ Your Name AMV (320 kbps).mp3 using Guid(04d761e46d3e1444d9143a3b2c8c5249) Importer(815301076,1909f56bfc062723c751e8b465ee728b)  -> (artifact id: 'ef753618bf3f6accad67f37f3ad6b25b') in 0.049306 seconds 
========================================================================
Received Prepare
Registering precompiled user dll's ...
Registered in 0.008041 seconds.
Begin MonoManager ReloadAssembly
Symbol file LoadedFromMemory doesn't match image C:\Proyectos de Unity\Juego2D\Library\PackageCache\com.unity.visualscripting@1.7.8\Editor\VisualScripting.Core\Dependencies\YamlDotNet\Unity.VisualScripting.YamlDotNet.dll
Symbol file LoadedFromMemory doesn't match image C:\Proyectos de Unity\Juego2D\Library\PackageCache\com.unity.visualscripting@1.7.8\Editor\VisualScripting.Core\Dependencies\DotNetZip\Unity.VisualScripting.IonicZip.dll
Native extension for WindowsStandalone target not found
Native extension for WebGL target not found
Refreshing native plugins compatible for Editor in 1.07 ms, found 4 plugins.
Preloading 0 native plugins for Editor in 0.00 ms.
Mono: successfully reloaded assembly
- Completed reload, in  0.968 seconds
Domain Reload Profiling:
	ReloadAssembly (968ms)
		BeginReloadAssembly (157ms)
			ExecutionOrderSort (0ms)
			DisableScriptedObjects (5ms)
			BackupInstance (0ms)
			ReleaseScriptingObjects (0ms)
			CreateAndSetChildDomain (40ms)
		EndReloadAssembly (715ms)
			LoadAssemblies (112ms)
			RebuildTransferFunctionScriptingTraits (0ms)
			SetupTypeCache (198ms)
			ReleaseScriptCaches (1ms)
			RebuildScriptCaches (39ms)
			SetupLoadedEditorAssemblies (346ms)
				LogAssemblyErrors (0ms)
				InitializePlatformSupportModulesInManaged (16ms)
				SetLoadedEditorAssemblies (0ms)
				RefreshPlugins (1ms)
				BeforeProcessingInitializeOnLoad (80ms)
				ProcessInitializeOnLoadAttributes (197ms)
				ProcessInitializeOnLoadMethodAttributes (34ms)
				AfterProcessingInitializeOnLoad (16ms)
				EditorAssembliesLoaded (0ms)
			ExecutionOrderSort2 (0ms)
			AwakeInstancesAfterBackupRestoration (7ms)
Platform modules already initialized, skipping
Refreshing native plugins compatible for Editor in 2.80 ms, found 4 plugins.
Preloading 0 native plugins for Editor in 0.00 ms.
Unloading 4308 Unused Serialized files (Serialized files now loaded: 0)
Unloading 32 unused Assets / (262.7 KB). Loaded Objects now: 4801.
Memory consumption went from 165.9 MB to 165.6 MB.
Total: 3.012500 ms (FindLiveObjects: 0.272100 ms CreateObjectMapping: 0.110300 ms MarkObjects: 2.474000 ms  DeleteObjects: 0.155400 ms)

AssetImportParameters requested are different than current active one (requested -> active):
  custom:video-decoder-ogg-theora: a1e56fd34408186e4bbccfd4996cb3dc -> 
  custom:container-muxer-webm: aa71ff27fc2769a1b78a27578f13a17b -> 
  custom:container-demuxer-webm: 4f35f7cbe854078d1ac9338744f61a02 -> 
  custom:video-encoder-webm-vp8: eb34c28f22e8b96e1ab97ce403110664 -> 
  custom:audio-encoder-webm-vorbis: bf7c407c2cedff20999df2af8eb42d56 -> 
  custom:framework-win-MediaFoundation: 216162199b28c13a410421893ffa2e32 -> 
  custom:container-demuxer-ogg: 62fdf1f143b41e24485cea50d1cbac27 -> 
  custom:video-decoder-webm-vp8: 9c59270c3fd7afecdb556c50c9e8de78 -> 
  custom:audio-decoder-ogg-vorbis: bf7c407c2cedff20999df2af8eb42d56 -> 
========================================================================
Received Prepare
Registering precompiled user dll's ...
Registered in 0.007814 seconds.
Begin MonoManager ReloadAssembly
Symbol file LoadedFromMemory doesn't match image C:\Proyectos de Unity\Juego2D\Library\PackageCache\com.unity.visualscripting@1.7.8\Editor\VisualScripting.Core\Dependencies\YamlDotNet\Unity.VisualScripting.YamlDotNet.dll
Symbol file LoadedFromMemory doesn't match image C:\Proyectos de Unity\Juego2D\Library\PackageCache\com.unity.visualscripting@1.7.8\Editor\VisualScripting.Core\Dependencies\DotNetZip\Unity.VisualScripting.IonicZip.dll
Native extension for WindowsStandalone target not found
Native extension for WebGL target not found
Refreshing native plugins compatible for Editor in 1.06 ms, found 4 plugins.
Preloading 0 native plugins for Editor in 0.00 ms.
Mono: successfully reloaded assembly
- Completed reload, in  0.961 seconds
Domain Reload Profiling:
	ReloadAssembly (962ms)
		BeginReloadAssembly (148ms)
			ExecutionOrderSort (0ms)
			DisableScriptedObjects (5ms)
			BackupInstance (0ms)
			ReleaseScriptingObjects (0ms)
			CreateAndSetChildDomain (38ms)
		EndReloadAssembly (713ms)
			LoadAssemblies (105ms)
			RebuildTransferFunctionScriptingTraits (0ms)
			SetupTypeCache (197ms)
			ReleaseScriptCaches (2ms)
			RebuildScriptCaches (43ms)
			SetupLoadedEditorAssemblies (346ms)
				LogAssemblyErrors (0ms)
				InitializePlatformSupportModulesInManaged (15ms)
				SetLoadedEditorAssemblies (1ms)
				RefreshPlugins (1ms)
				BeforeProcessingInitializeOnLoad (86ms)
				ProcessInitializeOnLoadAttributes (194ms)
				ProcessInitializeOnLoadMethodAttributes (31ms)
				AfterProcessingInitializeOnLoad (17ms)
				EditorAssembliesLoaded (0ms)
			ExecutionOrderSort2 (0ms)
			AwakeInstancesAfterBackupRestoration (7ms)
Platform modules already initialized, skipping
Refreshing native plugins compatible for Editor in 2.90 ms, found 4 plugins.
Preloading 0 native plugins for Editor in 0.00 ms.
Unloading 4308 Unused Serialized files (Serialized files now loaded: 0)
Unloading 32 unused Assets / (262.6 KB). Loaded Objects now: 4816.
Memory consumption went from 165.9 MB to 165.7 MB.
Total: 3.428100 ms (FindLiveObjects: 0.287900 ms CreateObjectMapping: 0.112700 ms MarkObjects: 2.825100 ms  DeleteObjects: 0.200900 ms)

AssetImportParameters requested are different than current active one (requested -> active):
  custom:video-decoder-ogg-theora: a1e56fd34408186e4bbccfd4996cb3dc -> 
  custom:container-muxer-webm: aa71ff27fc2769a1b78a27578f13a17b -> 
  custom:container-demuxer-webm: 4f35f7cbe854078d1ac9338744f61a02 -> 
  custom:video-encoder-webm-vp8: eb34c28f22e8b96e1ab97ce403110664 -> 
  custom:audio-encoder-webm-vorbis: bf7c407c2cedff20999df2af8eb42d56 -> 
  custom:framework-win-MediaFoundation: 216162199b28c13a410421893ffa2e32 -> 
  custom:container-demuxer-ogg: 62fdf1f143b41e24485cea50d1cbac27 -> 
  custom:video-decoder-webm-vp8: 9c59270c3fd7afecdb556c50c9e8de78 -> 
  custom:audio-decoder-ogg-vorbis: bf7c407c2cedff20999df2af8eb42d56 -> 
========================================================================
Received Prepare
Registering precompiled user dll's ...
Registered in 0.008029 seconds.
Begin MonoManager ReloadAssembly
Symbol file LoadedFromMemory doesn't match image C:\Proyectos de Unity\Juego2D\Library\PackageCache\com.unity.visualscripting@1.7.8\Editor\VisualScripting.Core\Dependencies\YamlDotNet\Unity.VisualScripting.YamlDotNet.dll
Symbol file LoadedFromMemory doesn't match image C:\Proyectos de Unity\Juego2D\Library\PackageCache\com.unity.visualscripting@1.7.8\Editor\VisualScripting.Core\Dependencies\DotNetZip\Unity.VisualScripting.IonicZip.dll
Native extension for WindowsStandalone target not found
Native extension for WebGL target not found
Refreshing native plugins compatible for Editor in 1.03 ms, found 4 plugins.
Preloading 0 native plugins for Editor in 0.00 ms.
Mono: successfully reloaded assembly
- Completed reload, in  0.933 seconds
Domain Reload Profiling:
	ReloadAssembly (933ms)
		BeginReloadAssembly (147ms)
			ExecutionOrderSort (0ms)
			DisableScriptedObjects (5ms)
			BackupInstance (0ms)
			ReleaseScriptingObjects (0ms)
			CreateAndSetChildDomain (37ms)
		EndReloadAssembly (693ms)
			LoadAssemblies (105ms)
			RebuildTransferFunctionScriptingTraits (0ms)
			SetupTypeCache (184ms)
			ReleaseScriptCaches (2ms)
			RebuildScriptCaches (39ms)
			SetupLoadedEditorAssemblies (344ms)
				LogAssemblyErrors (0ms)
				InitializePlatformSupportModulesInManaged (15ms)
				SetLoadedEditorAssemblies (0ms)
				RefreshPlugins (1ms)
				BeforeProcessingInitializeOnLoad (82ms)
				ProcessInitializeOnLoadAttributes (194ms)
				ProcessInitializeOnLoadMethodAttributes (34ms)
				AfterProcessingInitializeOnLoad (17ms)
				EditorAssembliesLoaded (0ms)
			ExecutionOrderSort2 (0ms)
			AwakeInstancesAfterBackupRestoration (7ms)
Platform modules already initialized, skipping
Refreshing native plugins compatible for Editor in 2.81 ms, found 4 plugins.
Preloading 0 native plugins for Editor in 0.00 ms.
Unloading 4308 Unused Serialized files (Serialized files now loaded: 0)
Unloading 32 unused Assets / (263.0 KB). Loaded Objects now: 4831.
Memory consumption went from 165.9 MB to 165.7 MB.
Total: 3.150800 ms (FindLiveObjects: 0.272900 ms CreateObjectMapping: 0.105400 ms MarkObjects: 2.609900 ms  DeleteObjects: 0.161700 ms)

AssetImportParameters requested are different than current active one (requested -> active):
  custom:video-decoder-ogg-theora: a1e56fd34408186e4bbccfd4996cb3dc -> 
  custom:container-muxer-webm: aa71ff27fc2769a1b78a27578f13a17b -> 
  custom:container-demuxer-webm: 4f35f7cbe854078d1ac9338744f61a02 -> 
  custom:video-encoder-webm-vp8: eb34c28f22e8b96e1ab97ce403110664 -> 
  custom:audio-encoder-webm-vorbis: bf7c407c2cedff20999df2af8eb42d56 -> 
  custom:framework-win-MediaFoundation: 216162199b28c13a410421893ffa2e32 -> 
  custom:container-demuxer-ogg: 62fdf1f143b41e24485cea50d1cbac27 -> 
  custom:video-decoder-webm-vp8: 9c59270c3fd7afecdb556c50c9e8de78 -> 
  custom:audio-decoder-ogg-vorbis: bf7c407c2cedff20999df2af8eb42d56 -> 
========================================================================
Received Import Request.
  Time since last request: 361.490554 seconds.
  path: Assets/TileSets/paleta/0x72_DungeonTilesetII_v1.4_0.asset
  artifactKey: Guid(919f32eea52e1784b854a31b755850ab) Importer(815301076,1909f56bfc062723c751e8b465ee728b)
Start importing Assets/TileSets/paleta/0x72_DungeonTilesetII_v1.4_0.asset using Guid(919f32eea52e1784b854a31b755850ab) Importer(815301076,1909f56bfc062723c751e8b465ee728b)  -> (artifact id: 'b57fd4b0e3a21d1237520a5a8eed82fc') in 0.056411 seconds 
========================================================================
Received Import Request.
  Time since last request: 0.000021 seconds.
  path: Assets/TileSets/paleta/0x72_DungeonTilesetII_v1.4_34.asset
  artifactKey: Guid(be49a51d57fe2944ebd16a1326a25e1a) Importer(815301076,1909f56bfc062723c751e8b465ee728b)
Start importing Assets/TileSets/paleta/0x72_DungeonTilesetII_v1.4_34.asset using Guid(be49a51d57fe2944ebd16a1326a25e1a) Importer(815301076,1909f56bfc062723c751e8b465ee728b)  -> (artifact id: '0a53589deff182e69dd5981b982a935d') in 0.024473 seconds 
========================================================================
Received Import Request.
  Time since last request: 0.000026 seconds.
  path: Assets/TileSets/paleta/0x72_DungeonTilesetII_v1.4_19.asset
  artifactKey: Guid(9562746e48ffab347addc1c7e7347b71) Importer(815301076,1909f56bfc062723c751e8b465ee728b)
Start importing Assets/TileSets/paleta/0x72_DungeonTilesetII_v1.4_19.asset using Guid(9562746e48ffab347addc1c7e7347b71) Importer(815301076,1909f56bfc062723c751e8b465ee728b)  -> (artifact id: 'fb6fb94ce41e141ef774ceab80c983ce') in 0.023886 seconds 
========================================================================
Received Import Request.
  Time since last request: 0.000038 seconds.
  path: Assets/TileSets/paleta/0x72_DungeonTilesetII_v1.4_35.asset
  artifactKey: Guid(499e968f6f54ae54bb3f4d72e93b30f3) Importer(815301076,1909f56bfc062723c751e8b465ee728b)
Start importing Assets/TileSets/paleta/0x72_DungeonTilesetII_v1.4_35.asset using Guid(499e968f6f54ae54bb3f4d72e93b30f3) Importer(815301076,1909f56bfc062723c751e8b465ee728b)  -> (artifact id: 'a765ea14d9a0803da833a1fe1da54506') in 0.022810 seconds 
========================================================================
Received Import Request.
  Time since last request: 0.000019 seconds.
  path: Assets/TileSets/paleta/0x72_DungeonTilesetII_v1.4_28.asset
  artifactKey: Guid(4751668b4dfe3f94faa64e46392c39e7) Importer(815301076,1909f56bfc062723c751e8b465ee728b)
Start importing Assets/TileSets/paleta/0x72_DungeonTilesetII_v1.4_28.asset using Guid(4751668b4dfe3f94faa64e46392c39e7) Importer(815301076,1909f56bfc062723c751e8b465ee728b)  -> (artifact id: 'a24058112532551f1058c9cb77cda511') in 0.018771 seconds 
========================================================================
Received Import Request.
  Time since last request: 0.000016 seconds.
  path: Assets/TileSets/paleta/0x72_DungeonTilesetII_v1.4_33.asset
  artifactKey: Guid(4cf78edf4ce290d49b57ca99227c69eb) Importer(815301076,1909f56bfc062723c751e8b465ee728b)
Start importing Assets/TileSets/paleta/0x72_DungeonTilesetII_v1.4_33.asset using Guid(4cf78edf4ce290d49b57ca99227c69eb) Importer(815301076,1909f56bfc062723c751e8b465ee728b)  -> (artifact id: 'cc852da256638ed54fea26d409589cf2') in 0.019096 seconds 
========================================================================
Received Import Request.
  Time since last request: 0.000018 seconds.
  path: Assets/TileSets/paleta/0x72_DungeonTilesetII_v1.4_14.asset
  artifactKey: Guid(c1bd133156ce6174d8027349c8ae12b5) Importer(815301076,1909f56bfc062723c751e8b465ee728b)
Start importing Assets/TileSets/paleta/0x72_DungeonTilesetII_v1.4_14.asset using Guid(c1bd133156ce6174d8027349c8ae12b5) Importer(815301076,1909f56bfc062723c751e8b465ee728b)  -> (artifact id: '513a26d7dbf7beb2df34dbe6c437ad4f') in 0.018557 seconds 
========================================================================
Received Import Request.
  Time since last request: 0.000019 seconds.
  path: Assets/TileSets/paleta/0x72_DungeonTilesetII_v1.4_37.asset
  artifactKey: Guid(0f82492fabf49bc46955137e3f4b233f) Importer(815301076,1909f56bfc062723c751e8b465ee728b)
Start importing Assets/TileSets/paleta/0x72_DungeonTilesetII_v1.4_37.asset using Guid(0f82492fabf49bc46955137e3f4b233f) Importer(815301076,1909f56bfc062723c751e8b465ee728b)  -> (artifact id: '97bea3dbdedbe3b2cab4f225a1253d8a') in 0.026260 seconds 
========================================================================
Received Import Request.
  Time since last request: 0.000034 seconds.
  path: Assets/TileSets/paleta/0x72_DungeonTilesetII_v1.4_24.asset
  artifactKey: Guid(d73ecba9b89c8dd45a2c741983eb51a9) Importer(815301076,1909f56bfc062723c751e8b465ee728b)
Start importing Assets/TileSets/paleta/0x72_DungeonTilesetII_v1.4_24.asset using Guid(d73ecba9b89c8dd45a2c741983eb51a9) Importer(815301076,1909f56bfc062723c751e8b465ee728b)  -> (artifact id: 'cda42483b4423464dc97c4d0a65bb240') in 0.029516 seconds 
========================================================================
Received Import Request.
  Time since last request: 0.000039 seconds.
  path: Assets/TileSets/paleta/0x72_DungeonTilesetII_v1.4_15.asset
  artifactKey: Guid(4e809084e134ea04295a71351e57f400) Importer(815301076,1909f56bfc062723c751e8b465ee728b)
Start importing Assets/TileSets/paleta/0x72_DungeonTilesetII_v1.4_15.asset using Guid(4e809084e134ea04295a71351e57f400) Importer(815301076,1909f56bfc062723c751e8b465ee728b)  -> (artifact id: '7915421aaeb175ec6ede3a9afcd8ef6d') in 0.021083 seconds 
========================================================================
Received Import Request.
  Time since last request: 0.000025 seconds.
  path: Assets/TileSets/paleta/0x72_DungeonTilesetII_v1.4_25.asset
  artifactKey: Guid(e5c9b6c332e1e2144b070434b9050e1a) Importer(815301076,1909f56bfc062723c751e8b465ee728b)
Start importing Assets/TileSets/paleta/0x72_DungeonTilesetII_v1.4_25.asset using Guid(e5c9b6c332e1e2144b070434b9050e1a) Importer(815301076,1909f56bfc062723c751e8b465ee728b)  -> (artifact id: '51b41e17cf1827208729e5595489fdf5') in 0.017593 seconds 
========================================================================
Received Import Request.
  Time since last request: 0.000016 seconds.
  path: Assets/TileSets/paleta/0x72_DungeonTilesetII_v1.4_36.asset
  artifactKey: Guid(4479f16cef390754289d8406cc9c30be) Importer(815301076,1909f56bfc062723c751e8b465ee728b)
Start importing Assets/TileSets/paleta/0x72_DungeonTilesetII_v1.4_36.asset using Guid(4479f16cef390754289d8406cc9c30be) Importer(815301076,1909f56bfc062723c751e8b465ee728b)  -> (artifact id: '517da4a6c28c9b0c908b9854ba3f593c') in 0.019837 seconds 
========================================================================
Received Import Request.
  Time since last request: 0.000016 seconds.
  path: Assets/TileSets/paleta/0x72_DungeonTilesetII_v1.4_13.asset
  artifactKey: Guid(529c0f6b8c75a764bbfb2504ce58402c) Importer(815301076,1909f56bfc062723c751e8b465ee728b)
Start importing Assets/TileSets/paleta/0x72_DungeonTilesetII_v1.4_13.asset using Guid(529c0f6b8c75a764bbfb2504ce58402c) Importer(815301076,1909f56bfc062723c751e8b465ee728b)  -> (artifact id: '1e733e14486325e3236e45ccce4d4858') in 0.019878 seconds 
========================================================================
Received Import Request.
  Time since last request: 0.000016 seconds.
  path: Assets/TileSets/paleta/0x72_DungeonTilesetII_v1.4_20.asset
  artifactKey: Guid(41a5f976ab9c76b46a84155a92c0d543) Importer(815301076,1909f56bfc062723c751e8b465ee728b)
Start importing Assets/TileSets/paleta/0x72_DungeonTilesetII_v1.4_20.asset using Guid(41a5f976ab9c76b46a84155a92c0d543) Importer(815301076,1909f56bfc062723c751e8b465ee728b)  -> (artifact id: '26b4ac1d42b428aa141258a3f0386be6') in 0.019509 seconds 
========================================================================
Received Import Request.
  Time since last request: 0.000017 seconds.
  path: Assets/TileSets/paleta/0x72_DungeonTilesetII_v1.4_22.asset
  artifactKey: Guid(121f087648ccab64ba39ab7ae0b8cafa) Importer(815301076,1909f56bfc062723c751e8b465ee728b)
Start importing Assets/TileSets/paleta/0x72_DungeonTilesetII_v1.4_22.asset using Guid(121f087648ccab64ba39ab7ae0b8cafa) Importer(815301076,1909f56bfc062723c751e8b465ee728b)  -> (artifact id: 'b23a3e4da61911720f80d55a809c4bc4') in 0.018642 seconds 
========================================================================
Received Import Request.
  Time since last request: 0.000017 seconds.
  path: Assets/TileSets/paleta/0x72_DungeonTilesetII_v1.4_23.asset
  artifactKey: Guid(fe74f9a58736ea14fbce667d488fd9dc) Importer(815301076,1909f56bfc062723c751e8b465ee728b)
Start importing Assets/TileSets/paleta/0x72_DungeonTilesetII_v1.4_23.asset using Guid(fe74f9a58736ea14fbce667d488fd9dc) Importer(815301076,1909f56bfc062723c751e8b465ee728b)  -> (artifact id: '3e6876cbf74c3eedf94441fbfaf73103') in 0.018909 seconds 
========================================================================
Received Import Request.
  Time since last request: 0.000018 seconds.
  path: Assets/TileSets/paleta/0x72_DungeonTilesetII_v1.4_29.asset
  artifactKey: Guid(1bff4256479cd5e4ab305bb1adb4f8ec) Importer(815301076,1909f56bfc062723c751e8b465ee728b)
Start importing Assets/TileSets/paleta/0x72_DungeonTilesetII_v1.4_29.asset using Guid(1bff4256479cd5e4ab305bb1adb4f8ec) Importer(815301076,1909f56bfc062723c751e8b465ee728b)  -> (artifact id: '399d91426aefd957c8db4a367c9dae05') in 0.020554 seconds 
========================================================================
Received Import Request.
  Time since last request: 0.000022 seconds.
  path: Assets/TileSets/paleta/0x72_DungeonTilesetII_v1.4_7.asset
  artifactKey: Guid(d1b18bc974d4795479be2a8a43d7104c) Importer(815301076,1909f56bfc062723c751e8b465ee728b)
Start importing Assets/TileSets/paleta/0x72_DungeonTilesetII_v1.4_7.asset using Guid(d1b18bc974d4795479be2a8a43d7104c) Importer(815301076,1909f56bfc062723c751e8b465ee728b)  -> (artifact id: 'ecbefe8018734d7d7dfed93afc3b5021') in 0.020440 seconds 
========================================================================
Received Import Request.
  Time since last request: 0.000030 seconds.
  path: Assets/TileSets/paleta/0x72_DungeonTilesetII_v1.4_38.asset
  artifactKey: Guid(48ee4dca935a59142a0ab4b468497fd6) Importer(815301076,1909f56bfc062723c751e8b465ee728b)
Start importing Assets/TileSets/paleta/0x72_DungeonTilesetII_v1.4_38.asset using Guid(48ee4dca935a59142a0ab4b468497fd6) Importer(815301076,1909f56bfc062723c751e8b465ee728b)  -> (artifact id: 'e9343f6dea852f5b91695eb8346627c4') in 0.020281 seconds 
========================================================================
Received Import Request.
  Time since last request: 0.000026 seconds.
  path: Assets/TileSets/paleta/0x72_DungeonTilesetII_v1.4_8.asset
  artifactKey: Guid(9bc5a165f1d176c43b9be080e98f4e77) Importer(815301076,1909f56bfc062723c751e8b465ee728b)
Start importing Assets/TileSets/paleta/0x72_DungeonTilesetII_v1.4_8.asset using Guid(9bc5a165f1d176c43b9be080e98f4e77) Importer(815301076,1909f56bfc062723c751e8b465ee728b)  -> (artifact id: '95e90c6876f46bf5b3a1fd432a404965') in 0.013582 seconds 
========================================================================
Received Import Request.
  Time since last request: 0.000030 seconds.
  path: Assets/TileSets/paleta/0x72_DungeonTilesetII_v1.4_18.asset
  artifactKey: Guid(ef91518eb85fc1d4180244c49f236c69) Importer(815301076,1909f56bfc062723c751e8b465ee728b)
Start importing Assets/TileSets/paleta/0x72_DungeonTilesetII_v1.4_18.asset using Guid(ef91518eb85fc1d4180244c49f236c69) Importer(815301076,1909f56bfc062723c751e8b465ee728b)  -> (artifact id: '47f5c5f70259d7f504fdbdcc3344cede') in 0.021352 seconds 
========================================================================
Received Prepare
Registering precompiled user dll's ...
Registered in 0.008825 seconds.
Begin MonoManager ReloadAssembly
Symbol file LoadedFromMemory doesn't match image C:\Proyectos de Unity\Juego2D\Library\PackageCache\com.unity.visualscripting@1.7.8\Editor\VisualScripting.Core\Dependencies\YamlDotNet\Unity.VisualScripting.YamlDotNet.dll
Symbol file LoadedFromMemory doesn't match image C:\Proyectos de Unity\Juego2D\Library\PackageCache\com.unity.visualscripting@1.7.8\Editor\VisualScripting.Core\Dependencies\DotNetZip\Unity.VisualScripting.IonicZip.dll
Native extension for WindowsStandalone target not found
Native extension for WebGL target not found
Refreshing native plugins compatible for Editor in 1.10 ms, found 4 plugins.
Preloading 0 native plugins for Editor in 0.00 ms.
Mono: successfully reloaded assembly
- Completed reload, in  0.948 seconds
Domain Reload Profiling:
	ReloadAssembly (949ms)
		BeginReloadAssembly (158ms)
			ExecutionOrderSort (0ms)
			DisableScriptedObjects (5ms)
			BackupInstance (0ms)
			ReleaseScriptingObjects (0ms)
			CreateAndSetChildDomain (39ms)
		EndReloadAssembly (695ms)
			LoadAssemblies (116ms)
			RebuildTransferFunctionScriptingTraits (0ms)
			SetupTypeCache (190ms)
			ReleaseScriptCaches (1ms)
			RebuildScriptCaches (39ms)
			SetupLoadedEditorAssemblies (334ms)
				LogAssemblyErrors (0ms)
				InitializePlatformSupportModulesInManaged (14ms)
				SetLoadedEditorAssemblies (0ms)
				RefreshPlugins (1ms)
				BeforeProcessingInitializeOnLoad (81ms)
				ProcessInitializeOnLoadAttributes (188ms)
				ProcessInitializeOnLoadMethodAttributes (32ms)
				AfterProcessingInitializeOnLoad (17ms)
				EditorAssembliesLoaded (0ms)
			ExecutionOrderSort2 (0ms)
			AwakeInstancesAfterBackupRestoration (8ms)
Platform modules already initialized, skipping
Refreshing native plugins compatible for Editor in 3.25 ms, found 4 plugins.
Preloading 0 native plugins for Editor in 0.00 ms.
Unloading 4308 Unused Serialized files (Serialized files now loaded: 0)
Unloading 32 unused Assets / (262.7 KB). Loaded Objects now: 4848.
Memory consumption went from 166.0 MB to 165.7 MB.
Total: 3.046100 ms (FindLiveObjects: 0.277500 ms CreateObjectMapping: 0.090900 ms MarkObjects: 2.512500 ms  DeleteObjects: 0.164100 ms)

AssetImportParameters requested are different than current active one (requested -> active):
  custom:video-decoder-ogg-theora: a1e56fd34408186e4bbccfd4996cb3dc -> 
  custom:container-muxer-webm: aa71ff27fc2769a1b78a27578f13a17b -> 
  custom:container-demuxer-webm: 4f35f7cbe854078d1ac9338744f61a02 -> 
  custom:video-encoder-webm-vp8: eb34c28f22e8b96e1ab97ce403110664 -> 
  custom:audio-encoder-webm-vorbis: bf7c407c2cedff20999df2af8eb42d56 -> 
  custom:framework-win-MediaFoundation: 216162199b28c13a410421893ffa2e32 -> 
  custom:container-demuxer-ogg: 62fdf1f143b41e24485cea50d1cbac27 -> 
  custom:video-decoder-webm-vp8: 9c59270c3fd7afecdb556c50c9e8de78 -> 
  custom:audio-decoder-ogg-vorbis: bf7c407c2cedff20999df2af8eb42d56 -> 
========================================================================
Received Prepare
Registering precompiled user dll's ...
Registered in 0.008470 seconds.
Begin MonoManager ReloadAssembly
Symbol file LoadedFromMemory doesn't match image C:\Proyectos de Unity\Juego2D\Library\PackageCache\com.unity.visualscripting@1.7.8\Editor\VisualScripting.Core\Dependencies\YamlDotNet\Unity.VisualScripting.YamlDotNet.dll
Symbol file LoadedFromMemory doesn't match image C:\Proyectos de Unity\Juego2D\Library\PackageCache\com.unity.visualscripting@1.7.8\Editor\VisualScripting.Core\Dependencies\DotNetZip\Unity.VisualScripting.IonicZip.dll
Native extension for WindowsStandalone target not found
Native extension for WebGL target not found
Refreshing native plugins compatible for Editor in 1.09 ms, found 4 plugins.
Preloading 0 native plugins for Editor in 0.00 ms.
Mono: successfully reloaded assembly
- Completed reload, in  1.004 seconds
Domain Reload Profiling:
	ReloadAssembly (1005ms)
		BeginReloadAssembly (161ms)
			ExecutionOrderSort (0ms)
			DisableScriptedObjects (6ms)
			BackupInstance (0ms)
			ReleaseScriptingObjects (0ms)
			CreateAndSetChildDomain (37ms)
		EndReloadAssembly (744ms)
			LoadAssemblies (121ms)
			RebuildTransferFunctionScriptingTraits (0ms)
			SetupTypeCache (204ms)
			ReleaseScriptCaches (2ms)
			RebuildScriptCaches (41ms)
			SetupLoadedEditorAssemblies (361ms)
				LogAssemblyErrors (0ms)
				InitializePlatformSupportModulesInManaged (15ms)
				SetLoadedEditorAssemblies (0ms)
				RefreshPlugins (1ms)
				BeforeProcessingInitializeOnLoad (84ms)
				ProcessInitializeOnLoadAttributes (197ms)
				ProcessInitializeOnLoadMethodAttributes (43ms)
				AfterProcessingInitializeOnLoad (19ms)
				EditorAssembliesLoaded (0ms)
			ExecutionOrderSort2 (0ms)
			AwakeInstancesAfterBackupRestoration (8ms)
Platform modules already initialized, skipping
Refreshing native plugins compatible for Editor in 2.85 ms, found 4 plugins.
Preloading 0 native plugins for Editor in 0.00 ms.
Unloading 4308 Unused Serialized files (Serialized files now loaded: 0)
Unloading 32 unused Assets / (262.7 KB). Loaded Objects now: 4863.
Memory consumption went from 166.0 MB to 165.7 MB.
Total: 3.157300 ms (FindLiveObjects: 0.276000 ms CreateObjectMapping: 0.093400 ms MarkObjects: 2.619200 ms  DeleteObjects: 0.167700 ms)

AssetImportParameters requested are different than current active one (requested -> active):
  custom:video-decoder-ogg-theora: a1e56fd34408186e4bbccfd4996cb3dc -> 
  custom:container-muxer-webm: aa71ff27fc2769a1b78a27578f13a17b -> 
  custom:container-demuxer-webm: 4f35f7cbe854078d1ac9338744f61a02 -> 
  custom:video-encoder-webm-vp8: eb34c28f22e8b96e1ab97ce403110664 -> 
  custom:audio-encoder-webm-vorbis: bf7c407c2cedff20999df2af8eb42d56 -> 
  custom:framework-win-MediaFoundation: 216162199b28c13a410421893ffa2e32 -> 
  custom:container-demuxer-ogg: 62fdf1f143b41e24485cea50d1cbac27 -> 
  custom:video-decoder-webm-vp8: 9c59270c3fd7afecdb556c50c9e8de78 -> 
  custom:audio-decoder-ogg-vorbis: bf7c407c2cedff20999df2af8eb42d56 -> 
========================================================================
Received Prepare
Registering precompiled user dll's ...
Registered in 0.007731 seconds.
Begin MonoManager ReloadAssembly
Symbol file LoadedFromMemory doesn't match image C:\Proyectos de Unity\Juego2D\Library\PackageCache\com.unity.visualscripting@1.7.8\Editor\VisualScripting.Core\Dependencies\YamlDotNet\Unity.VisualScripting.YamlDotNet.dll
Symbol file LoadedFromMemory doesn't match image C:\Proyectos de Unity\Juego2D\Library\PackageCache\com.unity.visualscripting@1.7.8\Editor\VisualScripting.Core\Dependencies\DotNetZip\Unity.VisualScripting.IonicZip.dll
Native extension for WindowsStandalone target not found
Native extension for WebGL target not found
Refreshing native plugins compatible for Editor in 0.82 ms, found 4 plugins.
Preloading 0 native plugins for Editor in 0.00 ms.
Mono: successfully reloaded assembly
- Completed reload, in  1.059 seconds
Domain Reload Profiling:
	ReloadAssembly (1060ms)
		BeginReloadAssembly (163ms)
			ExecutionOrderSort (0ms)
			DisableScriptedObjects (5ms)
			BackupInstance (0ms)
			ReleaseScriptingObjects (0ms)
			CreateAndSetChildDomain (38ms)
		EndReloadAssembly (793ms)
			LoadAssemblies (124ms)
			RebuildTransferFunctionScriptingTraits (0ms)
			SetupTypeCache (214ms)
			ReleaseScriptCaches (2ms)
			RebuildScriptCaches (48ms)
			SetupLoadedEditorAssemblies (377ms)
				LogAssemblyErrors (0ms)
				InitializePlatformSupportModulesInManaged (15ms)
				SetLoadedEditorAssemblies (0ms)
				RefreshPlugins (1ms)
				BeforeProcessingInitializeOnLoad (93ms)
				ProcessInitializeOnLoadAttributes (213ms)
				ProcessInitializeOnLoadMethodAttributes (36ms)
				AfterProcessingInitializeOnLoad (19ms)
				EditorAssembliesLoaded (0ms)
			ExecutionOrderSort2 (0ms)
			AwakeInstancesAfterBackupRestoration (8ms)
Platform modules already initialized, skipping
Refreshing native plugins compatible for Editor in 3.09 ms, found 4 plugins.
Preloading 0 native plugins for Editor in 0.00 ms.
Unloading 4308 Unused Serialized files (Serialized files now loaded: 0)
Unloading 32 unused Assets / (262.5 KB). Loaded Objects now: 4878.
Memory consumption went from 166.0 MB to 165.8 MB.
Total: 3.448200 ms (FindLiveObjects: 0.315600 ms CreateObjectMapping: 0.126400 ms MarkObjects: 2.834200 ms  DeleteObjects: 0.170400 ms)

AssetImportParameters requested are different than current active one (requested -> active):
  custom:video-decoder-ogg-theora: a1e56fd34408186e4bbccfd4996cb3dc -> 
  custom:container-muxer-webm: aa71ff27fc2769a1b78a27578f13a17b -> 
  custom:container-demuxer-webm: 4f35f7cbe854078d1ac9338744f61a02 -> 
  custom:video-encoder-webm-vp8: eb34c28f22e8b96e1ab97ce403110664 -> 
  custom:audio-encoder-webm-vorbis: bf7c407c2cedff20999df2af8eb42d56 -> 
  custom:framework-win-MediaFoundation: 216162199b28c13a410421893ffa2e32 -> 
  custom:container-demuxer-ogg: 62fdf1f143b41e24485cea50d1cbac27 -> 
  custom:video-decoder-webm-vp8: 9c59270c3fd7afecdb556c50c9e8de78 -> 
  custom:audio-decoder-ogg-vorbis: bf7c407c2cedff20999df2af8eb42d56 -> 
========================================================================
Received Prepare
Registering precompiled user dll's ...
Registered in 0.009349 seconds.
Begin MonoManager ReloadAssembly
Symbol file LoadedFromMemory doesn't match image C:\Proyectos de Unity\Juego2D\Library\PackageCache\com.unity.visualscripting@1.7.8\Editor\VisualScripting.Core\Dependencies\YamlDotNet\Unity.VisualScripting.YamlDotNet.dll
Symbol file LoadedFromMemory doesn't match image C:\Proyectos de Unity\Juego2D\Library\PackageCache\com.unity.visualscripting@1.7.8\Editor\VisualScripting.Core\Dependencies\DotNetZip\Unity.VisualScripting.IonicZip.dll
Native extension for WindowsStandalone target not found
Native extension for WebGL target not found
Refreshing native plugins compatible for Editor in 0.87 ms, found 4 plugins.
Preloading 0 native plugins for Editor in 0.00 ms.
Mono: successfully reloaded assembly
- Completed reload, in  1.004 seconds
Domain Reload Profiling:
	ReloadAssembly (1004ms)
		BeginReloadAssembly (164ms)
			ExecutionOrderSort (0ms)
			DisableScriptedObjects (5ms)
			BackupInstance (0ms)
			ReleaseScriptingObjects (0ms)
			CreateAndSetChildDomain (36ms)
		EndReloadAssembly (737ms)
			LoadAssemblies (125ms)
			RebuildTransferFunctionScriptingTraits (0ms)
			SetupTypeCache (201ms)
			ReleaseScriptCaches (2ms)
			RebuildScriptCaches (42ms)
			SetupLoadedEditorAssemblies (352ms)
				LogAssemblyErrors (0ms)
				InitializePlatformSupportModulesInManaged (16ms)
				SetLoadedEditorAssemblies (0ms)
				RefreshPlugins (1ms)
				BeforeProcessingInitializeOnLoad (86ms)
				ProcessInitializeOnLoadAttributes (197ms)
				ProcessInitializeOnLoadMethodAttributes (34ms)
				AfterProcessingInitializeOnLoad (18ms)
				EditorAssembliesLoaded (0ms)
			ExecutionOrderSort2 (0ms)
			AwakeInstancesAfterBackupRestoration (9ms)
Platform modules already initialized, skipping
Refreshing native plugins compatible for Editor in 2.88 ms, found 4 plugins.
Preloading 0 native plugins for Editor in 0.00 ms.
Unloading 4308 Unused Serialized files (Serialized files now loaded: 0)
Unloading 32 unused Assets / (262.8 KB). Loaded Objects now: 4893.
Memory consumption went from 166.0 MB to 165.8 MB.
Total: 3.375200 ms (FindLiveObjects: 0.285400 ms CreateObjectMapping: 0.103000 ms MarkObjects: 2.811700 ms  DeleteObjects: 0.174000 ms)

AssetImportParameters requested are different than current active one (requested -> active):
  custom:video-decoder-ogg-theora: a1e56fd34408186e4bbccfd4996cb3dc -> 
  custom:container-muxer-webm: aa71ff27fc2769a1b78a27578f13a17b -> 
  custom:container-demuxer-webm: 4f35f7cbe854078d1ac9338744f61a02 -> 
  custom:video-encoder-webm-vp8: eb34c28f22e8b96e1ab97ce403110664 -> 
  custom:audio-encoder-webm-vorbis: bf7c407c2cedff20999df2af8eb42d56 -> 
  custom:framework-win-MediaFoundation: 216162199b28c13a410421893ffa2e32 -> 
  custom:container-demuxer-ogg: 62fdf1f143b41e24485cea50d1cbac27 -> 
  custom:video-decoder-webm-vp8: 9c59270c3fd7afecdb556c50c9e8de78 -> 
  custom:audio-decoder-ogg-vorbis: bf7c407c2cedff20999df2af8eb42d56 -> 
Editor requested this worker to shutdown with reason: Scaling down because of idle timeout
AssetImportWorker is now disconnected from the server
Process exiting
Exiting without the bug reporter. Application will terminate with return code 0