Using pre-set license
Built from '2021.3/staging' branch; Version is '2021.3.4f1 (cb45f9cae8b7) revision 13321721'; Using compiler version '192829333'; Build Type 'Release'
OS: 'Windows 10  (10.0.19045) 64bit Professional' Language: 'es' Physical Memory: 16252 MB
BatchMode: 1, IsHumanControllingUs: 0, StartBugReporterOnCrash: 0, Is64bit: 1, IsPro: 1

COMMAND LINE ARGUMENTS:
G:\Unity\editor\2021.3.4f1\Editor\Unity.exe
-adb2
-batchMode
-noUpm
-name
AssetImportWorker1
-projectPath
C:/Proyectos de Unity/Juego2D
-logFile
Logs/AssetImportWorker1.log
-srvPort
51426
Successfully changed project path to: C:/Proyectos de Unity/Juego2D
C:/Proyectos de Unity/Juego2D
[UnityMemory] Configuration Parameters - Can be set up in boot.config
    "memorysetup-bucket-allocator-granularity=16"
    "memorysetup-bucket-allocator-bucket-count=8"
    "memorysetup-bucket-allocator-block-size=33554432"
    "memorysetup-bucket-allocator-block-count=8"
    "memorysetup-main-allocator-block-size=16777216"
    "memorysetup-thread-allocator-block-size=16777216"
    "memorysetup-gfx-main-allocator-block-size=16777216"
    "memorysetup-gfx-thread-allocator-block-size=16777216"
    "memorysetup-cache-allocator-block-size=4194304"
    "memorysetup-typetree-allocator-block-size=2097152"
    "memorysetup-profiler-bucket-allocator-granularity=16"
    "memorysetup-profiler-bucket-allocator-bucket-count=8"
    "memorysetup-profiler-bucket-allocator-block-size=33554432"
    "memorysetup-profiler-bucket-allocator-block-count=8"
    "memorysetup-profiler-allocator-block-size=16777216"
    "memorysetup-profiler-editor-allocator-block-size=1048576"
    "memorysetup-temp-allocator-size-main=16777216"
    "memorysetup-job-temp-allocator-block-size=2097152"
    "memorysetup-job-temp-allocator-block-size-background=1048576"
    "memorysetup-job-temp-allocator-reduction-small-platforms=262144"
    "memorysetup-temp-allocator-size-background-worker=32768"
    "memorysetup-temp-allocator-size-job-worker=262144"
    "memorysetup-temp-allocator-size-preload-manager=33554432"
    "memorysetup-temp-allocator-size-nav-mesh-worker=65536"
    "memorysetup-temp-allocator-size-audio-worker=65536"
    "memorysetup-temp-allocator-size-cloud-worker=32768"
    "memorysetup-temp-allocator-size-gi-baking-worker=262144"
    "memorysetup-temp-allocator-size-gfx=262144"
Refreshing native plugins compatible for Editor in 93.82 ms, found 4 plugins.
Preloading 0 native plugins for Editor in 0.00 ms.
Initialize engine version: 2021.3.4f1 (cb45f9cae8b7)
[Subsystems] Discovering subsystems at path G:/Unity/editor/2021.3.4f1/Editor/Data/Resources/UnitySubsystems
[Subsystems] Discovering subsystems at path C:/Proyectos de Unity/Juego2D/Assets
GfxDevice: creating device client; threaded=0; jobified=0
Direct3D:
    Version:  Direct3D 11.0 [level 11.1]
    Renderer: Radeon RX 570 Series (ID=0x67df)
    Vendor:   ATI
    VRAM:     4039 MB
    Driver:   31.0.21902.5
Initialize mono
Mono path[0] = 'G:/Unity/editor/2021.3.4f1/Editor/Data/Managed'
Mono path[1] = 'G:/Unity/editor/2021.3.4f1/Editor/Data/MonoBleedingEdge/lib/mono/unityjit-win32'
Mono config path = 'G:/Unity/editor/2021.3.4f1/Editor/Data/MonoBleedingEdge/etc'
Using monoOptions --debugger-agent=transport=dt_socket,embedding=1,server=y,suspend=n,address=127.0.0.1:56464
Begin MonoManager ReloadAssembly
Registering precompiled unity dll's ...
Register platform support module: G:/Unity/editor/2021.3.4f1/Editor/Data/PlaybackEngines/WebGLSupport/UnityEditor.WebGL.Extensions.dll
Register platform support module: G:/Unity/editor/2021.3.4f1/Editor/Data/PlaybackEngines/WindowsStandaloneSupport/UnityEditor.WindowsStandalone.Extensions.dll
Registered in 0.015308 seconds.
Native extension for WindowsStandalone target not found
Native extension for WebGL target not found
Refreshing native plugins compatible for Editor in 90.04 ms, found 4 plugins.
Preloading 0 native plugins for Editor in 0.00 ms.
Mono: successfully reloaded assembly
- Completed reload, in  0.603 seconds
Domain Reload Profiling:
	ReloadAssembly (603ms)
		BeginReloadAssembly (93ms)
			ExecutionOrderSort (0ms)
			DisableScriptedObjects (0ms)
			BackupInstance (0ms)
			ReleaseScriptingObjects (0ms)
			CreateAndSetChildDomain (1ms)
		EndReloadAssembly (394ms)
			LoadAssemblies (89ms)
			RebuildTransferFunctionScriptingTraits (0ms)
			SetupTypeCache (85ms)
			ReleaseScriptCaches (0ms)
			RebuildScriptCaches (21ms)
			SetupLoadedEditorAssemblies (237ms)
				LogAssemblyErrors (0ms)
				InitializePlatformSupportModulesInManaged (10ms)
				SetLoadedEditorAssemblies (0ms)
				RefreshPlugins (90ms)
				BeforeProcessingInitializeOnLoad (1ms)
				ProcessInitializeOnLoadAttributes (98ms)
				ProcessInitializeOnLoadMethodAttributes (38ms)
				AfterProcessingInitializeOnLoad (0ms)
				EditorAssembliesLoaded (0ms)
			ExecutionOrderSort2 (0ms)
			AwakeInstancesAfterBackupRestoration (0ms)
Platform modules already initialized, skipping
Registering precompiled user dll's ...
Registered in 0.009121 seconds.
Begin MonoManager ReloadAssembly
Symbol file LoadedFromMemory doesn't match image C:\Proyectos de Unity\Juego2D\Library\PackageCache\com.unity.visualscripting@1.7.8\Editor\VisualScripting.Core\Dependencies\YamlDotNet\Unity.VisualScripting.YamlDotNet.dll
Symbol file LoadedFromMemory doesn't match image C:\Proyectos de Unity\Juego2D\Library\PackageCache\com.unity.visualscripting@1.7.8\Editor\VisualScripting.Core\Dependencies\DotNetZip\Unity.VisualScripting.IonicZip.dll
Native extension for WindowsStandalone target not found
Native extension for WebGL target not found
Refreshing native plugins compatible for Editor in 86.85 ms, found 4 plugins.
Preloading 0 native plugins for Editor in 0.00 ms.
Mono: successfully reloaded assembly
- Completed reload, in  1.098 seconds
Domain Reload Profiling:
	ReloadAssembly (1098ms)
		BeginReloadAssembly (131ms)
			ExecutionOrderSort (0ms)
			DisableScriptedObjects (5ms)
			BackupInstance (0ms)
			ReleaseScriptingObjects (0ms)
			CreateAndSetChildDomain (21ms)
		EndReloadAssembly (855ms)
			LoadAssemblies (112ms)
			RebuildTransferFunctionScriptingTraits (0ms)
			SetupTypeCache (202ms)
			ReleaseScriptCaches (1ms)
			RebuildScriptCaches (49ms)
			SetupLoadedEditorAssemblies (472ms)
				LogAssemblyErrors (0ms)
				InitializePlatformSupportModulesInManaged (8ms)
				SetLoadedEditorAssemblies (0ms)
				RefreshPlugins (87ms)
				BeforeProcessingInitializeOnLoad (104ms)
				ProcessInitializeOnLoadAttributes (217ms)
				ProcessInitializeOnLoadMethodAttributes (38ms)
				AfterProcessingInitializeOnLoad (18ms)
				EditorAssembliesLoaded (0ms)
			ExecutionOrderSort2 (0ms)
			AwakeInstancesAfterBackupRestoration (5ms)
Platform modules already initialized, skipping
========================================================================
Worker process is ready to serve import requests
Launched and connected shader compiler UnityShaderCompiler.exe after 0.04 seconds
Refreshing native plugins compatible for Editor in 1.05 ms, found 4 plugins.
Preloading 0 native plugins for Editor in 0.00 ms.
Unloading 4326 Unused Serialized files (Serialized files now loaded: 0)
Unloading 57 unused Assets / (295.3 KB). Loaded Objects now: 4778.
Memory consumption went from 162.9 MB to 162.6 MB.
Total: 3.396000 ms (FindLiveObjects: 0.332700 ms CreateObjectMapping: 0.127500 ms MarkObjects: 2.745100 ms  DeleteObjects: 0.189500 ms)

AssetImportParameters requested are different than current active one (requested -> active):
  custom:video-decoder-ogg-theora: a1e56fd34408186e4bbccfd4996cb3dc -> 
  custom:container-muxer-webm: aa71ff27fc2769a1b78a27578f13a17b -> 
  custom:container-demuxer-webm: 4f35f7cbe854078d1ac9338744f61a02 -> 
  custom:video-encoder-webm-vp8: eb34c28f22e8b96e1ab97ce403110664 -> 
  custom:audio-encoder-webm-vorbis: bf7c407c2cedff20999df2af8eb42d56 -> 
  custom:framework-win-MediaFoundation: 216162199b28c13a410421893ffa2e32 -> 
  custom:container-demuxer-ogg: 62fdf1f143b41e24485cea50d1cbac27 -> 
  custom:video-decoder-webm-vp8: 9c59270c3fd7afecdb556c50c9e8de78 -> 
  custom:audio-decoder-ogg-vorbis: bf7c407c2cedff20999df2af8eb42d56 -> 
========================================================================
Received Import Request.
  Time since last request: 876698.911635 seconds.
  path: Assets/prefabs/Player/disparoOriginal.prefab
  artifactKey: Guid(adf892b586adc814c8e980fa617208c0) Importer(815301076,1909f56bfc062723c751e8b465ee728b)
Start importing Assets/prefabs/Player/disparoOriginal.prefab using Guid(adf892b586adc814c8e980fa617208c0) Importer(815301076,1909f56bfc062723c751e8b465ee728b)  -> (artifact id: '5624792af3d90f915bad6c9750c0a065') in 0.161024 seconds 
========================================================================
Received Import Request.
  Time since last request: 0.000020 seconds.
  path: Assets/prefabs/Player/Personaje.prefab
  artifactKey: Guid(7abd8d673b6db6743ad59f831d234049) Importer(815301076,1909f56bfc062723c751e8b465ee728b)
Start importing Assets/prefabs/Player/Personaje.prefab using Guid(7abd8d673b6db6743ad59f831d234049) Importer(815301076,1909f56bfc062723c751e8b465ee728b)  -> (artifact id: '0cfc236d952dc09cdf40c3fcd4a6a0f4') in 0.073542 seconds 
========================================================================
Received Prepare
Registering precompiled user dll's ...
Registered in 0.008309 seconds.
Begin MonoManager ReloadAssembly
Symbol file LoadedFromMemory doesn't match image C:\Proyectos de Unity\Juego2D\Library\PackageCache\com.unity.visualscripting@1.7.8\Editor\VisualScripting.Core\Dependencies\YamlDotNet\Unity.VisualScripting.YamlDotNet.dll
Symbol file LoadedFromMemory doesn't match image C:\Proyectos de Unity\Juego2D\Library\PackageCache\com.unity.visualscripting@1.7.8\Editor\VisualScripting.Core\Dependencies\DotNetZip\Unity.VisualScripting.IonicZip.dll
Native extension for WindowsStandalone target not found
Native extension for WebGL target not found
Refreshing native plugins compatible for Editor in 1.08 ms, found 4 plugins.
Preloading 0 native plugins for Editor in 0.00 ms.
Mono: successfully reloaded assembly
- Completed reload, in  0.990 seconds
Domain Reload Profiling:
	ReloadAssembly (990ms)
		BeginReloadAssembly (155ms)
			ExecutionOrderSort (0ms)
			DisableScriptedObjects (5ms)
			BackupInstance (0ms)
			ReleaseScriptingObjects (0ms)
			CreateAndSetChildDomain (39ms)
		EndReloadAssembly (734ms)
			LoadAssemblies (109ms)
			RebuildTransferFunctionScriptingTraits (0ms)
			SetupTypeCache (204ms)
			ReleaseScriptCaches (1ms)
			RebuildScriptCaches (41ms)
			SetupLoadedEditorAssemblies (357ms)
				LogAssemblyErrors (0ms)
				InitializePlatformSupportModulesInManaged (15ms)
				SetLoadedEditorAssemblies (0ms)
				RefreshPlugins (1ms)
				BeforeProcessingInitializeOnLoad (88ms)
				ProcessInitializeOnLoadAttributes (199ms)
				ProcessInitializeOnLoadMethodAttributes (36ms)
				AfterProcessingInitializeOnLoad (17ms)
				EditorAssembliesLoaded (0ms)
			ExecutionOrderSort2 (0ms)
			AwakeInstancesAfterBackupRestoration (8ms)
Platform modules already initialized, skipping
Refreshing native plugins compatible for Editor in 2.74 ms, found 4 plugins.
Preloading 0 native plugins for Editor in 0.00 ms.
Unloading 4308 Unused Serialized files (Serialized files now loaded: 0)
Unloading 36 unused Assets / (264.8 KB). Loaded Objects now: 4799.
Memory consumption went from 165.9 MB to 165.7 MB.
Total: 3.055900 ms (FindLiveObjects: 0.286000 ms CreateObjectMapping: 0.107500 ms MarkObjects: 2.469800 ms  DeleteObjects: 0.191600 ms)

AssetImportParameters requested are different than current active one (requested -> active):
  custom:video-decoder-ogg-theora: a1e56fd34408186e4bbccfd4996cb3dc -> 
  custom:container-muxer-webm: aa71ff27fc2769a1b78a27578f13a17b -> 
  custom:container-demuxer-webm: 4f35f7cbe854078d1ac9338744f61a02 -> 
  custom:video-encoder-webm-vp8: eb34c28f22e8b96e1ab97ce403110664 -> 
  custom:audio-encoder-webm-vorbis: bf7c407c2cedff20999df2af8eb42d56 -> 
  custom:framework-win-MediaFoundation: 216162199b28c13a410421893ffa2e32 -> 
  custom:container-demuxer-ogg: 62fdf1f143b41e24485cea50d1cbac27 -> 
  custom:video-decoder-webm-vp8: 9c59270c3fd7afecdb556c50c9e8de78 -> 
  custom:audio-decoder-ogg-vorbis: bf7c407c2cedff20999df2af8eb42d56 -> 
========================================================================
Received Prepare
Registering precompiled user dll's ...
Registered in 0.008290 seconds.
Begin MonoManager ReloadAssembly
Symbol file LoadedFromMemory doesn't match image C:\Proyectos de Unity\Juego2D\Library\PackageCache\com.unity.visualscripting@1.7.8\Editor\VisualScripting.Core\Dependencies\YamlDotNet\Unity.VisualScripting.YamlDotNet.dll
Symbol file LoadedFromMemory doesn't match image C:\Proyectos de Unity\Juego2D\Library\PackageCache\com.unity.visualscripting@1.7.8\Editor\VisualScripting.Core\Dependencies\DotNetZip\Unity.VisualScripting.IonicZip.dll
Native extension for WindowsStandalone target not found
Native extension for WebGL target not found
Refreshing native plugins compatible for Editor in 1.06 ms, found 4 plugins.
Preloading 0 native plugins for Editor in 0.00 ms.
Mono: successfully reloaded assembly
- Completed reload, in  0.983 seconds
Domain Reload Profiling:
	ReloadAssembly (983ms)
		BeginReloadAssembly (161ms)
			ExecutionOrderSort (0ms)
			DisableScriptedObjects (5ms)
			BackupInstance (0ms)
			ReleaseScriptingObjects (0ms)
			CreateAndSetChildDomain (39ms)
		EndReloadAssembly (723ms)
			LoadAssemblies (119ms)
			RebuildTransferFunctionScriptingTraits (0ms)
			SetupTypeCache (201ms)
			ReleaseScriptCaches (2ms)
			RebuildScriptCaches (40ms)
			SetupLoadedEditorAssemblies (352ms)
				LogAssemblyErrors (0ms)
				InitializePlatformSupportModulesInManaged (15ms)
				SetLoadedEditorAssemblies (1ms)
				RefreshPlugins (1ms)
				BeforeProcessingInitializeOnLoad (83ms)
				ProcessInitializeOnLoadAttributes (202ms)
				ProcessInitializeOnLoadMethodAttributes (33ms)
				AfterProcessingInitializeOnLoad (17ms)
				EditorAssembliesLoaded (0ms)
			ExecutionOrderSort2 (0ms)
			AwakeInstancesAfterBackupRestoration (8ms)
Platform modules already initialized, skipping
Refreshing native plugins compatible for Editor in 2.96 ms, found 4 plugins.
Preloading 0 native plugins for Editor in 0.00 ms.
Unloading 4308 Unused Serialized files (Serialized files now loaded: 0)
Unloading 32 unused Assets / (262.5 KB). Loaded Objects now: 4814.
Memory consumption went from 165.9 MB to 165.6 MB.
Total: 3.171200 ms (FindLiveObjects: 0.292100 ms CreateObjectMapping: 0.103500 ms MarkObjects: 2.599800 ms  DeleteObjects: 0.174800 ms)

AssetImportParameters requested are different than current active one (requested -> active):
  custom:video-decoder-ogg-theora: a1e56fd34408186e4bbccfd4996cb3dc -> 
  custom:container-muxer-webm: aa71ff27fc2769a1b78a27578f13a17b -> 
  custom:container-demuxer-webm: 4f35f7cbe854078d1ac9338744f61a02 -> 
  custom:video-encoder-webm-vp8: eb34c28f22e8b96e1ab97ce403110664 -> 
  custom:audio-encoder-webm-vorbis: bf7c407c2cedff20999df2af8eb42d56 -> 
  custom:framework-win-MediaFoundation: 216162199b28c13a410421893ffa2e32 -> 
  custom:container-demuxer-ogg: 62fdf1f143b41e24485cea50d1cbac27 -> 
  custom:video-decoder-webm-vp8: 9c59270c3fd7afecdb556c50c9e8de78 -> 
  custom:audio-decoder-ogg-vorbis: bf7c407c2cedff20999df2af8eb42d56 -> 
========================================================================
Received Prepare
Registering precompiled user dll's ...
Registered in 0.008150 seconds.
Begin MonoManager ReloadAssembly
Symbol file LoadedFromMemory doesn't match image C:\Proyectos de Unity\Juego2D\Library\PackageCache\com.unity.visualscripting@1.7.8\Editor\VisualScripting.Core\Dependencies\YamlDotNet\Unity.VisualScripting.YamlDotNet.dll
Symbol file LoadedFromMemory doesn't match image C:\Proyectos de Unity\Juego2D\Library\PackageCache\com.unity.visualscripting@1.7.8\Editor\VisualScripting.Core\Dependencies\DotNetZip\Unity.VisualScripting.IonicZip.dll
Native extension for WindowsStandalone target not found
Native extension for WebGL target not found
Refreshing native plugins compatible for Editor in 1.06 ms, found 4 plugins.
Preloading 0 native plugins for Editor in 0.00 ms.
Mono: successfully reloaded assembly
- Completed reload, in  0.961 seconds
Domain Reload Profiling:
	ReloadAssembly (962ms)
		BeginReloadAssembly (154ms)
			ExecutionOrderSort (0ms)
			DisableScriptedObjects (5ms)
			BackupInstance (0ms)
			ReleaseScriptingObjects (0ms)
			CreateAndSetChildDomain (38ms)
		EndReloadAssembly (709ms)
			LoadAssemblies (110ms)
			RebuildTransferFunctionScriptingTraits (0ms)
			SetupTypeCache (193ms)
			ReleaseScriptCaches (2ms)
			RebuildScriptCaches (43ms)
			SetupLoadedEditorAssemblies (343ms)
				LogAssemblyErrors (0ms)
				InitializePlatformSupportModulesInManaged (15ms)
				SetLoadedEditorAssemblies (1ms)
				RefreshPlugins (1ms)
				BeforeProcessingInitializeOnLoad (82ms)
				ProcessInitializeOnLoadAttributes (193ms)
				ProcessInitializeOnLoadMethodAttributes (34ms)
				AfterProcessingInitializeOnLoad (17ms)
				EditorAssembliesLoaded (0ms)
			ExecutionOrderSort2 (0ms)
			AwakeInstancesAfterBackupRestoration (8ms)
Platform modules already initialized, skipping
Refreshing native plugins compatible for Editor in 2.94 ms, found 4 plugins.
Preloading 0 native plugins for Editor in 0.00 ms.
Unloading 4308 Unused Serialized files (Serialized files now loaded: 0)
Unloading 32 unused Assets / (262.9 KB). Loaded Objects now: 4829.
Memory consumption went from 165.9 MB to 165.6 MB.
Total: 3.278300 ms (FindLiveObjects: 0.325300 ms CreateObjectMapping: 0.133400 ms MarkObjects: 2.660000 ms  DeleteObjects: 0.158400 ms)

AssetImportParameters requested are different than current active one (requested -> active):
  custom:video-decoder-ogg-theora: a1e56fd34408186e4bbccfd4996cb3dc -> 
  custom:container-muxer-webm: aa71ff27fc2769a1b78a27578f13a17b -> 
  custom:container-demuxer-webm: 4f35f7cbe854078d1ac9338744f61a02 -> 
  custom:video-encoder-webm-vp8: eb34c28f22e8b96e1ab97ce403110664 -> 
  custom:audio-encoder-webm-vorbis: bf7c407c2cedff20999df2af8eb42d56 -> 
  custom:framework-win-MediaFoundation: 216162199b28c13a410421893ffa2e32 -> 
  custom:container-demuxer-ogg: 62fdf1f143b41e24485cea50d1cbac27 -> 
  custom:video-decoder-webm-vp8: 9c59270c3fd7afecdb556c50c9e8de78 -> 
  custom:audio-decoder-ogg-vorbis: bf7c407c2cedff20999df2af8eb42d56 -> 
========================================================================
Received Prepare
Registering precompiled user dll's ...
Registered in 0.008643 seconds.
Begin MonoManager ReloadAssembly
Symbol file LoadedFromMemory doesn't match image C:\Proyectos de Unity\Juego2D\Library\PackageCache\com.unity.visualscripting@1.7.8\Editor\VisualScripting.Core\Dependencies\YamlDotNet\Unity.VisualScripting.YamlDotNet.dll
Symbol file LoadedFromMemory doesn't match image C:\Proyectos de Unity\Juego2D\Library\PackageCache\com.unity.visualscripting@1.7.8\Editor\VisualScripting.Core\Dependencies\DotNetZip\Unity.VisualScripting.IonicZip.dll
Native extension for WindowsStandalone target not found
Native extension for WebGL target not found
Refreshing native plugins compatible for Editor in 1.06 ms, found 4 plugins.
Preloading 0 native plugins for Editor in 0.00 ms.
Mono: successfully reloaded assembly
- Completed reload, in  0.976 seconds
Domain Reload Profiling:
	ReloadAssembly (976ms)
		BeginReloadAssembly (152ms)
			ExecutionOrderSort (0ms)
			DisableScriptedObjects (5ms)
			BackupInstance (0ms)
			ReleaseScriptingObjects (0ms)
			CreateAndSetChildDomain (37ms)
		EndReloadAssembly (724ms)
			LoadAssemblies (113ms)
			RebuildTransferFunctionScriptingTraits (0ms)
			SetupTypeCache (205ms)
			ReleaseScriptCaches (2ms)
			RebuildScriptCaches (40ms)
			SetupLoadedEditorAssemblies (347ms)
				LogAssemblyErrors (0ms)
				InitializePlatformSupportModulesInManaged (15ms)
				SetLoadedEditorAssemblies (1ms)
				RefreshPlugins (1ms)
				BeforeProcessingInitializeOnLoad (85ms)
				ProcessInitializeOnLoadAttributes (194ms)
				ProcessInitializeOnLoadMethodAttributes (34ms)
				AfterProcessingInitializeOnLoad (16ms)
				EditorAssembliesLoaded (0ms)
			ExecutionOrderSort2 (0ms)
			AwakeInstancesAfterBackupRestoration (7ms)
Platform modules already initialized, skipping
Refreshing native plugins compatible for Editor in 2.98 ms, found 4 plugins.
Preloading 0 native plugins for Editor in 0.00 ms.
Unloading 4308 Unused Serialized files (Serialized files now loaded: 0)
Unloading 32 unused Assets / (262.9 KB). Loaded Objects now: 4844.
Memory consumption went from 165.9 MB to 165.7 MB.
Total: 3.311500 ms (FindLiveObjects: 0.285700 ms CreateObjectMapping: 0.098700 ms MarkObjects: 2.740200 ms  DeleteObjects: 0.185400 ms)

AssetImportParameters requested are different than current active one (requested -> active):
  custom:video-decoder-ogg-theora: a1e56fd34408186e4bbccfd4996cb3dc -> 
  custom:container-muxer-webm: aa71ff27fc2769a1b78a27578f13a17b -> 
  custom:container-demuxer-webm: 4f35f7cbe854078d1ac9338744f61a02 -> 
  custom:video-encoder-webm-vp8: eb34c28f22e8b96e1ab97ce403110664 -> 
  custom:audio-encoder-webm-vorbis: bf7c407c2cedff20999df2af8eb42d56 -> 
  custom:framework-win-MediaFoundation: 216162199b28c13a410421893ffa2e32 -> 
  custom:container-demuxer-ogg: 62fdf1f143b41e24485cea50d1cbac27 -> 
  custom:video-decoder-webm-vp8: 9c59270c3fd7afecdb556c50c9e8de78 -> 
  custom:audio-decoder-ogg-vorbis: bf7c407c2cedff20999df2af8eb42d56 -> 
========================================================================
Received Prepare
Registering precompiled user dll's ...
Registered in 0.007562 seconds.
Begin MonoManager ReloadAssembly
Symbol file LoadedFromMemory doesn't match image C:\Proyectos de Unity\Juego2D\Library\PackageCache\com.unity.visualscripting@1.7.8\Editor\VisualScripting.Core\Dependencies\YamlDotNet\Unity.VisualScripting.YamlDotNet.dll
Symbol file LoadedFromMemory doesn't match image C:\Proyectos de Unity\Juego2D\Library\PackageCache\com.unity.visualscripting@1.7.8\Editor\VisualScripting.Core\Dependencies\DotNetZip\Unity.VisualScripting.IonicZip.dll
Native extension for WindowsStandalone target not found
Native extension for WebGL target not found
Refreshing native plugins compatible for Editor in 1.27 ms, found 4 plugins.
Preloading 0 native plugins for Editor in 0.00 ms.
Mono: successfully reloaded assembly
- Completed reload, in  1.084 seconds
Domain Reload Profiling:
	ReloadAssembly (1085ms)
		BeginReloadAssembly (166ms)
			ExecutionOrderSort (0ms)
			DisableScriptedObjects (5ms)
			BackupInstance (0ms)
			ReleaseScriptingObjects (0ms)
			CreateAndSetChildDomain (45ms)
		EndReloadAssembly (803ms)
			LoadAssemblies (120ms)
			RebuildTransferFunctionScriptingTraits (0ms)
			SetupTypeCache (235ms)
			ReleaseScriptCaches (2ms)
			RebuildScriptCaches (48ms)
			SetupLoadedEditorAssemblies (382ms)
				LogAssemblyErrors (0ms)
				InitializePlatformSupportModulesInManaged (30ms)
				SetLoadedEditorAssemblies (1ms)
				RefreshPlugins (1ms)
				BeforeProcessingInitializeOnLoad (93ms)
				ProcessInitializeOnLoadAttributes (205ms)
				ProcessInitializeOnLoadMethodAttributes (34ms)
				AfterProcessingInitializeOnLoad (17ms)
				EditorAssembliesLoaded (0ms)
			ExecutionOrderSort2 (0ms)
			AwakeInstancesAfterBackupRestoration (8ms)
Platform modules already initialized, skipping
Refreshing native plugins compatible for Editor in 2.81 ms, found 4 plugins.
Preloading 0 native plugins for Editor in 0.00 ms.
Unloading 4308 Unused Serialized files (Serialized files now loaded: 0)
Unloading 32 unused Assets / (262.7 KB). Loaded Objects now: 4859.
Memory consumption went from 166.0 MB to 165.7 MB.
Total: 3.067200 ms (FindLiveObjects: 0.276700 ms CreateObjectMapping: 0.097000 ms MarkObjects: 2.520400 ms  DeleteObjects: 0.172000 ms)

AssetImportParameters requested are different than current active one (requested -> active):
  custom:video-decoder-ogg-theora: a1e56fd34408186e4bbccfd4996cb3dc -> 
  custom:container-muxer-webm: aa71ff27fc2769a1b78a27578f13a17b -> 
  custom:container-demuxer-webm: 4f35f7cbe854078d1ac9338744f61a02 -> 
  custom:video-encoder-webm-vp8: eb34c28f22e8b96e1ab97ce403110664 -> 
  custom:audio-encoder-webm-vorbis: bf7c407c2cedff20999df2af8eb42d56 -> 
  custom:framework-win-MediaFoundation: 216162199b28c13a410421893ffa2e32 -> 
  custom:container-demuxer-ogg: 62fdf1f143b41e24485cea50d1cbac27 -> 
  custom:video-decoder-webm-vp8: 9c59270c3fd7afecdb556c50c9e8de78 -> 
  custom:audio-decoder-ogg-vorbis: bf7c407c2cedff20999df2af8eb42d56 -> 
========================================================================
Received Prepare
Registering precompiled user dll's ...
Registered in 0.008390 seconds.
Begin MonoManager ReloadAssembly
Symbol file LoadedFromMemory doesn't match image C:\Proyectos de Unity\Juego2D\Library\PackageCache\com.unity.visualscripting@1.7.8\Editor\VisualScripting.Core\Dependencies\YamlDotNet\Unity.VisualScripting.YamlDotNet.dll
Symbol file LoadedFromMemory doesn't match image C:\Proyectos de Unity\Juego2D\Library\PackageCache\com.unity.visualscripting@1.7.8\Editor\VisualScripting.Core\Dependencies\DotNetZip\Unity.VisualScripting.IonicZip.dll
Native extension for WindowsStandalone target not found
Native extension for WebGL target not found
Refreshing native plugins compatible for Editor in 1.08 ms, found 4 plugins.
Preloading 0 native plugins for Editor in 0.00 ms.
Mono: successfully reloaded assembly
- Completed reload, in  0.965 seconds
Domain Reload Profiling:
	ReloadAssembly (965ms)
		BeginReloadAssembly (152ms)
			ExecutionOrderSort (0ms)
			DisableScriptedObjects (5ms)
			BackupInstance (0ms)
			ReleaseScriptingObjects (0ms)
			CreateAndSetChildDomain (38ms)
		EndReloadAssembly (709ms)
			LoadAssemblies (110ms)
			RebuildTransferFunctionScriptingTraits (0ms)
			SetupTypeCache (190ms)
			ReleaseScriptCaches (1ms)
			RebuildScriptCaches (40ms)
			SetupLoadedEditorAssemblies (344ms)
				LogAssemblyErrors (0ms)
				InitializePlatformSupportModulesInManaged (14ms)
				SetLoadedEditorAssemblies (0ms)
				RefreshPlugins (1ms)
				BeforeProcessingInitializeOnLoad (83ms)
				ProcessInitializeOnLoadAttributes (194ms)
				ProcessInitializeOnLoadMethodAttributes (33ms)
				AfterProcessingInitializeOnLoad (17ms)
				EditorAssembliesLoaded (0ms)
			ExecutionOrderSort2 (0ms)
			AwakeInstancesAfterBackupRestoration (8ms)
Platform modules already initialized, skipping
Refreshing native plugins compatible for Editor in 2.85 ms, found 4 plugins.
Preloading 0 native plugins for Editor in 0.00 ms.
Unloading 4308 Unused Serialized files (Serialized files now loaded: 0)
Unloading 32 unused Assets / (262.7 KB). Loaded Objects now: 4874.
Memory consumption went from 166.0 MB to 165.7 MB.
Total: 3.466200 ms (FindLiveObjects: 0.297700 ms CreateObjectMapping: 0.115400 ms MarkObjects: 2.865100 ms  DeleteObjects: 0.186800 ms)

AssetImportParameters requested are different than current active one (requested -> active):
  custom:video-decoder-ogg-theora: a1e56fd34408186e4bbccfd4996cb3dc -> 
  custom:container-muxer-webm: aa71ff27fc2769a1b78a27578f13a17b -> 
  custom:container-demuxer-webm: 4f35f7cbe854078d1ac9338744f61a02 -> 
  custom:video-encoder-webm-vp8: eb34c28f22e8b96e1ab97ce403110664 -> 
  custom:audio-encoder-webm-vorbis: bf7c407c2cedff20999df2af8eb42d56 -> 
  custom:framework-win-MediaFoundation: 216162199b28c13a410421893ffa2e32 -> 
  custom:container-demuxer-ogg: 62fdf1f143b41e24485cea50d1cbac27 -> 
  custom:video-decoder-webm-vp8: 9c59270c3fd7afecdb556c50c9e8de78 -> 
  custom:audio-decoder-ogg-vorbis: bf7c407c2cedff20999df2af8eb42d56 -> 
========================================================================
Received Import Request.
  Time since last request: 746.300523 seconds.
  path: Assets/TileSets/terrain_0_0.asset
  artifactKey: Guid(1dab7d2269b6db34280adce312f2e009) Importer(815301076,1909f56bfc062723c751e8b465ee728b)
Start importing Assets/TileSets/terrain_0_0.asset using Guid(1dab7d2269b6db34280adce312f2e009) Importer(815301076,1909f56bfc062723c751e8b465ee728b)  -> (artifact id: 'e73ecfd98b7bb1767e2a1e5347645945') in 0.076075 seconds 
========================================================================
Received Import Request.
  Time since last request: 0.000023 seconds.
  path: Assets/TileSets/terrain_0_4.asset
  artifactKey: Guid(36cfd81164da09149b8f809521bdfe97) Importer(815301076,1909f56bfc062723c751e8b465ee728b)
Start importing Assets/TileSets/terrain_0_4.asset using Guid(36cfd81164da09149b8f809521bdfe97) Importer(815301076,1909f56bfc062723c751e8b465ee728b)  -> (artifact id: 'd75d029078ab0eeb07fb7b2523688feb') in 0.025286 seconds 
========================================================================
Received Import Request.
  Time since last request: 0.000033 seconds.
  path: Assets/TileSets/terrain_0_7.asset
  artifactKey: Guid(578e4bcd1f80b6346bbc7014903f88c1) Importer(815301076,1909f56bfc062723c751e8b465ee728b)
Start importing Assets/TileSets/terrain_0_7.asset using Guid(578e4bcd1f80b6346bbc7014903f88c1) Importer(815301076,1909f56bfc062723c751e8b465ee728b)  -> (artifact id: '187591fd889a0fe7ee84339a474e9c25') in 0.020903 seconds 
========================================================================
Received Import Request.
  Time since last request: 0.000032 seconds.
  path: Assets/TileSets/terrain_0_3.asset
  artifactKey: Guid(77215c63b1135a04cba50cf1423649f8) Importer(815301076,1909f56bfc062723c751e8b465ee728b)
Start importing Assets/TileSets/terrain_0_3.asset using Guid(77215c63b1135a04cba50cf1423649f8) Importer(815301076,1909f56bfc062723c751e8b465ee728b)  -> (artifact id: 'a0d427efdd71e7d207548d220b8c7b24') in 0.021253 seconds 
========================================================================
Received Import Request.
  Time since last request: 0.000027 seconds.
  path: Assets/TileSets/terrain_0_11.asset
  artifactKey: Guid(b1b72680f6c4cb84a82f13d77b2f800d) Importer(815301076,1909f56bfc062723c751e8b465ee728b)
Start importing Assets/TileSets/terrain_0_11.asset using Guid(b1b72680f6c4cb84a82f13d77b2f800d) Importer(815301076,1909f56bfc062723c751e8b465ee728b)  -> (artifact id: '5410b61ea0494c180205078659deedcf') in 0.020132 seconds 
========================================================================
Received Import Request.
  Time since last request: 0.000019 seconds.
  path: Assets/TileSets/terrain_0_26.asset
  artifactKey: Guid(bbc5fc1132ed5e64b8461392b3515024) Importer(815301076,1909f56bfc062723c751e8b465ee728b)
Start importing Assets/TileSets/terrain_0_26.asset using Guid(bbc5fc1132ed5e64b8461392b3515024) Importer(815301076,1909f56bfc062723c751e8b465ee728b)  -> (artifact id: 'e645c888e89f14af185da51895481c24') in 0.020401 seconds 
========================================================================
Received Import Request.
  Time since last request: 0.000024 seconds.
  path: Assets/TileSets/terrain_0_25.asset
  artifactKey: Guid(de29102210a637f4488ee3b84e71764b) Importer(815301076,1909f56bfc062723c751e8b465ee728b)
Start importing Assets/TileSets/terrain_0_25.asset using Guid(de29102210a637f4488ee3b84e71764b) Importer(815301076,1909f56bfc062723c751e8b465ee728b)  -> (artifact id: '7e2e67063ed32e5220ef3eb69359d600') in 0.019918 seconds 
========================================================================
Received Import Request.
  Time since last request: 0.000021 seconds.
  path: Assets/TileSets/terrain_0_23.asset
  artifactKey: Guid(17a1f5f0bfbed7644a23067b391da473) Importer(815301076,1909f56bfc062723c751e8b465ee728b)
Start importing Assets/TileSets/terrain_0_23.asset using Guid(17a1f5f0bfbed7644a23067b391da473) Importer(815301076,1909f56bfc062723c751e8b465ee728b)  -> (artifact id: '391a5e27826f2598e4f621849dc84a49') in 0.019765 seconds 
========================================================================
Received Import Request.
  Time since last request: 0.000019 seconds.
  path: Assets/TileSets/terrain_0_14.asset
  artifactKey: Guid(a8bfac36616399a4dabddac142f73acb) Importer(815301076,1909f56bfc062723c751e8b465ee728b)
Start importing Assets/TileSets/terrain_0_14.asset using Guid(a8bfac36616399a4dabddac142f73acb) Importer(815301076,1909f56bfc062723c751e8b465ee728b)  -> (artifact id: '476834997f56974bd333a7ee92bfd380') in 0.020175 seconds 
========================================================================
Received Import Request.
  Time since last request: 0.000019 seconds.
  path: Assets/TileSets/terrain_0_15.asset
  artifactKey: Guid(a2335b91d5b5d3c4388288dd56406068) Importer(815301076,1909f56bfc062723c751e8b465ee728b)
Start importing Assets/TileSets/terrain_0_15.asset using Guid(a2335b91d5b5d3c4388288dd56406068) Importer(815301076,1909f56bfc062723c751e8b465ee728b)  -> (artifact id: '1f00d9e13aab79ef9b8e0645738daefe') in 0.020381 seconds 
========================================================================
Received Import Request.
  Time since last request: 0.000017 seconds.
  path: Assets/TileSets/terrain_0_2.asset
  artifactKey: Guid(594d0dc43e6d96e4d93da38b84b90603) Importer(815301076,1909f56bfc062723c751e8b465ee728b)
Start importing Assets/TileSets/terrain_0_2.asset using Guid(594d0dc43e6d96e4d93da38b84b90603) Importer(815301076,1909f56bfc062723c751e8b465ee728b)  -> (artifact id: 'deb29e9f769a393b229f681b1d77e424') in 0.020459 seconds 
========================================================================
Received Import Request.
  Time since last request: 0.000023 seconds.
  path: Assets/TileSets/terrain_0_12.asset
  artifactKey: Guid(02c3a4989f0016146b5f3a0dd5950506) Importer(815301076,1909f56bfc062723c751e8b465ee728b)
Start importing Assets/TileSets/terrain_0_12.asset using Guid(02c3a4989f0016146b5f3a0dd5950506) Importer(815301076,1909f56bfc062723c751e8b465ee728b)  -> (artifact id: 'ea7b35f40a90e00ba2b21f30077acba2') in 0.018441 seconds 
========================================================================
Received Import Request.
  Time since last request: 0.000027 seconds.
  path: Assets/TileSets/terrain_0_16.asset
  artifactKey: Guid(266c61238cd86d2489bf0f9224a8da6d) Importer(815301076,1909f56bfc062723c751e8b465ee728b)
Start importing Assets/TileSets/terrain_0_16.asset using Guid(266c61238cd86d2489bf0f9224a8da6d) Importer(815301076,1909f56bfc062723c751e8b465ee728b)  -> (artifact id: '5eec98cf483c4405c139da67a835d87f') in 0.020263 seconds 
========================================================================
Received Import Request.
  Time since last request: 0.000019 seconds.
  path: Assets/TileSets/terrain_0_30.asset
  artifactKey: Guid(733ea67b33a30df42bfc6d0fb776cc5d) Importer(815301076,1909f56bfc062723c751e8b465ee728b)
Start importing Assets/TileSets/terrain_0_30.asset using Guid(733ea67b33a30df42bfc6d0fb776cc5d) Importer(815301076,1909f56bfc062723c751e8b465ee728b)  -> (artifact id: '2ff50c4765e25ba2ae45f19f5393372a') in 0.020897 seconds 
========================================================================
Received Import Request.
  Time since last request: 0.000035 seconds.
  path: Assets/TileSets/terrain_0_6.asset
  artifactKey: Guid(c9b5dd6160a376c4abc025b534e63be5) Importer(815301076,1909f56bfc062723c751e8b465ee728b)
Start importing Assets/TileSets/terrain_0_6.asset using Guid(c9b5dd6160a376c4abc025b534e63be5) Importer(815301076,1909f56bfc062723c751e8b465ee728b)  -> (artifact id: '33c21f6aaf699717e814c84a3e691170') in 0.021086 seconds 
========================================================================
Received Import Request.
  Time since last request: 0.000020 seconds.
  path: Assets/TileSets/terrain_0_31.asset
  artifactKey: Guid(598a891b6921f71478b6f29bd909ad59) Importer(815301076,1909f56bfc062723c751e8b465ee728b)
Start importing Assets/TileSets/terrain_0_31.asset using Guid(598a891b6921f71478b6f29bd909ad59) Importer(815301076,1909f56bfc062723c751e8b465ee728b)  -> (artifact id: '86f72a003848947cee1ae48ad33c9ce9') in 0.019870 seconds 
========================================================================
Received Import Request.
  Time since last request: 0.000019 seconds.
  path: Assets/TileSets/terrain_0_28.asset
  artifactKey: Guid(83a9c86822bf0c94a99d0414d3cc8a13) Importer(815301076,1909f56bfc062723c751e8b465ee728b)
Start importing Assets/TileSets/terrain_0_28.asset using Guid(83a9c86822bf0c94a99d0414d3cc8a13) Importer(815301076,1909f56bfc062723c751e8b465ee728b)  -> (artifact id: 'bb85e89066db1c530cb4f5f4c5df850e') in 0.020249 seconds 
========================================================================
Received Import Request.
  Time since last request: 0.000031 seconds.
  path: Assets/TileSets/terrain_0_5.asset
  artifactKey: Guid(00503bd3e7e190e4caa1415c51a5445d) Importer(815301076,1909f56bfc062723c751e8b465ee728b)
Start importing Assets/TileSets/terrain_0_5.asset using Guid(00503bd3e7e190e4caa1415c51a5445d) Importer(815301076,1909f56bfc062723c751e8b465ee728b)  -> (artifact id: 'bd29e3de0f0c90a265c19e5455cceba0') in 0.019634 seconds 
========================================================================
Received Import Request.
  Time since last request: 0.000021 seconds.
  path: Assets/TileSets/terrain_0_17.asset
  artifactKey: Guid(0b31e40534693f740a9b0250ca916a90) Importer(815301076,1909f56bfc062723c751e8b465ee728b)
Start importing Assets/TileSets/terrain_0_17.asset using Guid(0b31e40534693f740a9b0250ca916a90) Importer(815301076,1909f56bfc062723c751e8b465ee728b)  -> (artifact id: 'b31198191ba48ef902dc31f69408b95e') in 0.020459 seconds 
========================================================================
Received Import Request.
  Time since last request: 0.000019 seconds.
  path: Assets/TileSets/terrain_0_22.asset
  artifactKey: Guid(011139d53b856bd419e992438323aa67) Importer(815301076,1909f56bfc062723c751e8b465ee728b)
Start importing Assets/TileSets/terrain_0_22.asset using Guid(011139d53b856bd419e992438323aa67) Importer(815301076,1909f56bfc062723c751e8b465ee728b)  -> (artifact id: '79de5c773006f8c0aa315118d504dd18') in 0.021114 seconds 
========================================================================
Received Import Request.
  Time since last request: 0.000022 seconds.
  path: Assets/TileSets/terrain_0_19.asset
  artifactKey: Guid(d85ea56cb4d8484489e94dacadbad1c3) Importer(815301076,1909f56bfc062723c751e8b465ee728b)
Start importing Assets/TileSets/terrain_0_19.asset using Guid(d85ea56cb4d8484489e94dacadbad1c3) Importer(815301076,1909f56bfc062723c751e8b465ee728b)  -> (artifact id: '13b8603f2c651793de4b4ff95ba120b7') in 0.018830 seconds 
========================================================================
Received Import Request.
  Time since last request: 0.000029 seconds.
  path: Assets/TileSets/terrain_0_13.asset
  artifactKey: Guid(76beff6c1668d9545867593bc86fd97a) Importer(815301076,1909f56bfc062723c751e8b465ee728b)
Start importing Assets/TileSets/terrain_0_13.asset using Guid(76beff6c1668d9545867593bc86fd97a) Importer(815301076,1909f56bfc062723c751e8b465ee728b)  -> (artifact id: '11340e65e3d60216b4db224bdb82f37a') in 0.020307 seconds 
========================================================================
Received Import Request.
  Time since last request: 0.000024 seconds.
  path: Assets/TileSets/terrain_0_20.asset
  artifactKey: Guid(32084a398d67e5049b539a85a3c7f8d0) Importer(815301076,1909f56bfc062723c751e8b465ee728b)
Start importing Assets/TileSets/terrain_0_20.asset using Guid(32084a398d67e5049b539a85a3c7f8d0) Importer(815301076,1909f56bfc062723c751e8b465ee728b)  -> (artifact id: '11e3ac9ab7f849d15137b32801307fd3') in 0.014566 seconds 
========================================================================
Received Import Request.
  Time since last request: 0.000017 seconds.
  path: Assets/TileSets/terrain_0_29.asset
  artifactKey: Guid(f81a8ab58aab8da4db3017ba447642e4) Importer(815301076,1909f56bfc062723c751e8b465ee728b)
Start importing Assets/TileSets/terrain_0_29.asset using Guid(f81a8ab58aab8da4db3017ba447642e4) Importer(815301076,1909f56bfc062723c751e8b465ee728b)  -> (artifact id: 'bd3b7702805af825bcd402124b841eba') in 0.013705 seconds 
========================================================================
Received Import Request.
  Time since last request: 0.000021 seconds.
  path: Assets/TileSets/terrain_0_1.asset
  artifactKey: Guid(cbf6308a33676744192691daf68d2c9c) Importer(815301076,1909f56bfc062723c751e8b465ee728b)
Start importing Assets/TileSets/terrain_0_1.asset using Guid(cbf6308a33676744192691daf68d2c9c) Importer(815301076,1909f56bfc062723c751e8b465ee728b)  -> (artifact id: '10b5e23480324652600d6a009c049778') in 0.015905 seconds 
========================================================================
Received Import Request.
  Time since last request: 0.000018 seconds.
  path: Assets/TileSets/terrain_0_10.asset
  artifactKey: Guid(ef26935d36074df4689e9c9ce4a8b481) Importer(815301076,1909f56bfc062723c751e8b465ee728b)
Start importing Assets/TileSets/terrain_0_10.asset using Guid(ef26935d36074df4689e9c9ce4a8b481) Importer(815301076,1909f56bfc062723c751e8b465ee728b)  -> (artifact id: 'f3b4435819595315dfb4643ac48d04d0') in 0.014399 seconds 
========================================================================
Received Import Request.
  Time since last request: 0.000024 seconds.
  path: Assets/TileSets/terrain_0_21.asset
  artifactKey: Guid(86ab739598f17b244961a7f0b3875240) Importer(815301076,1909f56bfc062723c751e8b465ee728b)
Start importing Assets/TileSets/terrain_0_21.asset using Guid(86ab739598f17b244961a7f0b3875240) Importer(815301076,1909f56bfc062723c751e8b465ee728b)  -> (artifact id: '41e795b5ac2bf59e43e6b27b783de53a') in 0.014303 seconds 
========================================================================
Received Import Request.
  Time since last request: 0.000018 seconds.
  path: Assets/TileSets/terrain_0_9.asset
  artifactKey: Guid(9860a5e2426530e49975b53f6e4758cb) Importer(815301076,1909f56bfc062723c751e8b465ee728b)
Start importing Assets/TileSets/terrain_0_9.asset using Guid(9860a5e2426530e49975b53f6e4758cb) Importer(815301076,1909f56bfc062723c751e8b465ee728b)  -> (artifact id: 'e33ffecc169b0ccfbe85d04ec8dac09a') in 0.014699 seconds 
========================================================================
Received Import Request.
  Time since last request: 0.000021 seconds.
  path: Assets/TileSets/terrain_0_24.asset
  artifactKey: Guid(a060a35202ebef440b321f28f6696ac1) Importer(815301076,1909f56bfc062723c751e8b465ee728b)
Start importing Assets/TileSets/terrain_0_24.asset using Guid(a060a35202ebef440b321f28f6696ac1) Importer(815301076,1909f56bfc062723c751e8b465ee728b)  -> (artifact id: '20b495e203211c3486d553d3301df629') in 0.015653 seconds 
========================================================================
Received Import Request.
  Time since last request: 0.000022 seconds.
  path: Assets/TileSets/terrain_0_8.asset
  artifactKey: Guid(1a59c6f3d80ab8046bf22137e6f22d40) Importer(815301076,1909f56bfc062723c751e8b465ee728b)
Start importing Assets/TileSets/terrain_0_8.asset using Guid(1a59c6f3d80ab8046bf22137e6f22d40) Importer(815301076,1909f56bfc062723c751e8b465ee728b)  -> (artifact id: '6c46415edce2c1e4a7f2e8d51efd2010') in 0.015762 seconds 
========================================================================
Received Import Request.
  Time since last request: 0.389044 seconds.
  path: Assets/TileSets/terrain_0_33.asset
  artifactKey: Guid(c2e9d41ffd7fb9847b966437943824fe) Importer(815301076,1909f56bfc062723c751e8b465ee728b)
Start importing Assets/TileSets/terrain_0_33.asset using Guid(c2e9d41ffd7fb9847b966437943824fe) Importer(815301076,1909f56bfc062723c751e8b465ee728b)  -> (artifact id: 'a63846385808425314c87a85a88a054b') in 0.014478 seconds 
========================================================================
Received Import Request.
  Time since last request: 0.000022 seconds.
  path: Assets/TileSets/terrain_0_35.asset
  artifactKey: Guid(8e3e4a4c828ee4e43a1d270226d7077b) Importer(815301076,1909f56bfc062723c751e8b465ee728b)
Start importing Assets/TileSets/terrain_0_35.asset using Guid(8e3e4a4c828ee4e43a1d270226d7077b) Importer(815301076,1909f56bfc062723c751e8b465ee728b)  -> (artifact id: '1f804be5144acf3550660fb72f9de45c') in 0.017275 seconds 
========================================================================
Received Import Request.
  Time since last request: 0.000027 seconds.
  path: Assets/TileSets/terrain_0_43.asset
  artifactKey: Guid(29e869679f7d68c418feaac8681a8cca) Importer(815301076,1909f56bfc062723c751e8b465ee728b)
Start importing Assets/TileSets/terrain_0_43.asset using Guid(29e869679f7d68c418feaac8681a8cca) Importer(815301076,1909f56bfc062723c751e8b465ee728b)  -> (artifact id: '4b1b10ac3c96177d47d41c23cbb4a445') in 0.015026 seconds 
========================================================================
Received Import Request.
  Time since last request: 0.000019 seconds.
  path: Assets/TileSets/terrain_0_34.asset
  artifactKey: Guid(72263621206e8d44c9b85edbb5e8659b) Importer(815301076,1909f56bfc062723c751e8b465ee728b)
Start importing Assets/TileSets/terrain_0_34.asset using Guid(72263621206e8d44c9b85edbb5e8659b) Importer(815301076,1909f56bfc062723c751e8b465ee728b)  -> (artifact id: '67ff3d4b08ea8d49175853116a60bf26') in 0.014838 seconds 
========================================================================
Received Import Request.
  Time since last request: 0.000024 seconds.
  path: Assets/TileSets/terrain_0_37.asset
  artifactKey: Guid(69aed4abbdf8f754988571f181261936) Importer(815301076,1909f56bfc062723c751e8b465ee728b)
Start importing Assets/TileSets/terrain_0_37.asset using Guid(69aed4abbdf8f754988571f181261936) Importer(815301076,1909f56bfc062723c751e8b465ee728b)  -> (artifact id: '207055bb727dcef893b798dbf357a0eb') in 0.014525 seconds 
========================================================================
Received Import Request.
  Time since last request: 0.000024 seconds.
  path: Assets/TileSets/terrain_0_42.asset
  artifactKey: Guid(72911f4e06994c04ab28541a302bd8f8) Importer(815301076,1909f56bfc062723c751e8b465ee728b)
Start importing Assets/TileSets/terrain_0_42.asset using Guid(72911f4e06994c04ab28541a302bd8f8) Importer(815301076,1909f56bfc062723c751e8b465ee728b)  -> (artifact id: '6465651d460a8ee0df086c1a8c541288') in 0.014542 seconds 
Editor requested this worker to shutdown with reason: Scaling down because of idle timeout
AssetImportWorker is now disconnected from the server
Process exiting
Exiting without the bug reporter. Application will terminate with return code 0